0:100  0:100  MemLog inited, TSC freq: 2808408420
0:100  0:000  CPU was calibrated without ACPI PM Timer: ACPI I/O space is not enabled., use RTC
0:100  0:000  
0:100  0:000  Now is 7.10.2017,  2:27:21 (GMT)
0:100  0:000  Starting Clover revision: 4233 on American Megatrends EFI
0:100  0:000  Build with: [Args: -D NO_GRUB_DRIVERS_EMBEDDED | -D NO_GRUB_DRIVERS_EMBEDDED -D USE_LOW_EBDA -a X64 -b RELEASE -t XCODE5 -n 5 | OS: 10.12.6 | XCODE: 9.0]
0:100  0:000  SelfDevicePath=PciRoot(0x0)\Pci(0x17,0x0)\Sata(0x0,0xFFFF,0x0)\HD(1,GPT,EC608816-0C23-46DD-ADFC-F854D5378D21,0x800,0xFA000) @65890D18
0:100  0:000  SelfDirPath = \EFI\CLOVER
0:101  0:001  === [ Get Smbios ] ========================================
0:106  0:004  Type 16 Index = 0
0:106  0:000  Total Memory Slots Count = 2
0:106  0:000  Type 17 Index = 0
0:106  0:000  SmbiosTable.Type17->Speed = 2400MHz
0:106  0:000  SmbiosTable.Type17->Size = 8192MB
0:106  0:000  SmbiosTable.Type17->Bank/Device = BANK 0 ChannelA-DIMM0
0:106  0:000  SmbiosTable.Type17->Vendor = 009C35230000
0:106  0:000  SmbiosTable.Type17->SerialNumber = 29A9CEAD
0:106  0:000  SmbiosTable.Type17->PartNumber = HMA81GS6AFR8N-UH    
0:106  0:000  Type 17 Index = 1
0:106  0:000  SmbiosTable.Type17->Speed = 2400MHz
0:106  0:000  SmbiosTable.Type17->Size = 8192MB
0:106  0:000  SmbiosTable.Type17->Bank/Device = BANK 2 ChannelB-DIMM0
0:106  0:000  SmbiosTable.Type17->Vendor = 009C35230000
0:106  0:000  SmbiosTable.Type17->SerialNumber = 29A9CEE2
0:106  0:000  SmbiosTable.Type17->PartNumber = HMA81GS6AFR8N-UH    
0:106  0:000  Boot status=0
0:106  0:000  Running on: 'Alienware 17 R4' with board 'Alienware 17 R4'
0:106  0:000  === [ GetCPUProperties ] ==================================
0:106  0:000  CPU Vendor = 756E6547 Model=906E9
0:106  0:000   The CPU supported SSE4.1
0:106  0:000  BrandString = Intel(R) Core(TM) i7-7700HQ CPU @ 2.80GHz
0:106  0:000   The CPU supported turbo
0:106  0:000  MSR 0x35               40008
0:106  0:000   TSC/CCC Information Leaf:
0:106  0:000    numerator     : 234
0:106  0:000    denominator   : 2
0:106  0:000   Calibrated ARTFrequency: 24003490
0:106  0:000  MSR 0xE2 before patch 1E008008
0:106  0:000  MSR 0xE2 is locked, PM patches will be turned on
0:106  0:000  MSR 0xCE              0008083B_F1011C00
0:106  0:000  MSR 0x1A0             00850089
0:106  0:000  corrected FLEX_RATIO = 0
0:106  0:000  MSR 0x1B0             00000000
0:106  0:000  FSBFrequency = 96 MHz, DMI FSBFrequency = 100 MHz, Corrected FSBFrequency = 100 MHz
0:106  0:000  MaxDiv/MinDiv: 28.0/8
0:106  0:000  Turbo: 34/35/36/38
0:106  0:000  Features: 0xBFEBFBFF
0:106  0:000  Threads: 8
0:106  0:000  Cores: 4
0:106  0:000  FSB: 100 MHz
0:106  0:000  CPU: 2700 MHz
0:106  0:000  TSC: 2700 MHz
0:106  0:000  PIS: 100 MHz
0:106  0:000  ExternalClock: 25 MHz
0:106  0:000  === [ GetDevices ] ========================================
0:106  0:000  PCI (00|00:00.00) : 8086 5910 class=060000
0:106  0:000  PCI (00|00:01.00) : 8086 1901 class=060400
0:106  0:000  PCI (00|01:00.00) : 10DE 1C20 class=030000
0:106  0:000   - GFX: Model=Dell GeForce GTX 1060 family 136 (Nvidia)
0:106  0:000  PCI (00|01:00.01) : FFFF FFFF class=FFFFFF
0:106  0:000  PCI (00|00:01.02) : 8086 1909 class=060400
0:106  0:000  PCI (00|00:02.00) : 8086 591B class=030000
0:106  0:000   - GFX: Model=Intel HD Graphics 630 (Intel)
0:106  0:000  PCI (00|00:04.00) : 8086 1903 class=118000
0:106  0:000  PCI (00|00:14.00) : 8086 A12F class=0C0330
0:106  0:000  PCI (00|00:14.02) : 8086 A131 class=118000
0:106  0:000  PCI (00|00:16.00) : 8086 A13A class=078000
0:106  0:000  PCI (00|00:17.00) : 8086 A102 class=010601
0:106  0:000  PCI (00|00:1C.00) : 8086 A110 class=060400
0:106  0:000  PCI (00|00:1C.04) : 8086 A114 class=060400
0:106  0:000  PCI (00|3C:00.00) : 1969 E0B1 class=020000
0:106  0:000   - LAN: 0 Vendor=Atheros
0:106  0:000  PCI (00|00:1C.05) : 8086 A115 class=060400
0:106  0:000  PCI (00|3D:00.00) : 168C 003E class=028000
0:106  0:000   - WIFI: Vendor=Atheros
0:106  0:000  PCI (00|00:1F.00) : 8086 A154 class=060100
0:106  0:000  PCI (00|00:1F.02) : 8086 A121 class=058000
0:106  0:000  PCI (00|00:1F.03) : 8086 A171 class=040300
0:106  0:000  PCI (00|00:1F.04) : 8086 A123 class=0C0500
0:106  0:000  === [ GetDefaultSettings ] ================================
0:106  0:000  Clover load options size = 0 bytes
0:117  0:010  EFI\CLOVER\config.plist loaded: Success
0:117  0:000  === [ GetListOfThemes ] ===================================
0:119  0:001  - [00]: 0
0:123  0:004  - [01]: 1
0:126  0:003  - [02]: 2
0:130  0:003  - [03]: 3
0:134  0:003  - [04]: alienware
0:137  0:003  - [05]: alienwareb
0:141  0:003  - [06]: alienwareblue
0:144  0:003  - [07]: alienwarewb
0:148  0:004  - [08]: alienwarewhite
0:152  0:004  - [09]: embedded
0:155  0:002  - [09]: random
0:159  0:004  === [ Found config plists ] ===============================
0:160  0:001  - config.plist
0:161  0:001  - config_HD615_620_630_640_650.plist
0:162  0:001  - config_HD615_620_630_640_650_spoof.plist
0:163  0:001  - configskl.plist
0:164  0:001  - configskl„o,.plist
0:165  0:001  - config„o,.plist
0:166  0:001  - config„o, 2.plist
0:167  0:001  - config-generate.plist
0:168  0:001  - configï/(Webdriver.plist
0:169  0:001  - config-generate„o,.plist
0:170  0:000  === [ GetEarlyUserSettings ] ==============================
0:170  0:000  timeout set to 5
0:170  0:000  Custom boot CUSTOM_BOOT_DISABLED (0x0)
0:170  0:000  ForceKextsToLoad: 1 requested
0:170  0:000   - [0]: System\Library\Extensions\IONetworkingFamily.kext
0:170  0:000  KextsToPatch: 9 requested
0:170  0:000   - [00]: com.apple.driver.AppleIntelKBLGraphicsFramebuffer (0x591b0000, 32MB BIOS, 19MB framebuffer 9MB cursor bytes (credit RehabMan)) :: BinPatch :: data len: 8
0:170  0:000   - patch disabled at config
0:170  0:000   - [01]: com.apple.driver.AppleIntelKBLGraphicsFramebuffer (0x591b0000, 0105 instead of 0306, HDMI) :: BinPatch :: data len: 36
0:170  0:000   - patch disabled at config
0:170  0:000   - [02]: com.apple.iokit.IOAHCIBlockStorage (Enable TRIM for SSD) :: BinPatch :: data len: 11
0:170  0:000   - [03]: AppleGraphicsDevicePolicy (ex smbios hdmi) :: PlistPatch :: data len: 16
0:170  0:000   - patch disabled at config
0:170  0:000   - [04]: AppleHDAController (100_Series_ Audio_Controller) :: BinPatch :: data len: 2
0:170  0:000   - patch disabled at config
0:170  0:000   - [05]: com.apple.driver.AppleBacklight (change F%uT%04x to F%uTxxxx in AppleBacklightInjector.kext (credit RehabMan)) :: BinPatch :: data len: 9
0:170  0:000   - patch disabled at config
0:170  0:000   - [06]: AppleSMCPDRC (hostbridge) :: PlistPatch :: data len: 2
0:170  0:000   - patch disabled at config
0:170  0:000   - [07]: AppleUSBXHCIPCI (NoLabel) :: PlistPatch :: data len: 2
0:170  0:000   - patch disabled at config
0:170  0:000   - [08]: com.apple.driver.AppleIntelKBLGraphicsFramebuffer (Disable minStolenSize less or equal fStolenMemorySize assertion, 10.13 (based on Austere.J patch by PMheart)) :: MatchOS: 10.13.x :: BinPatch :: data len: 6
0:170  0:000  KernelToPatch: 1 requested
0:170  0:000   - [00]: MSR 0xE2 _xcpm_idle instant reboot(c) Pike R. Alpha :: data len: 8
0:170  0:000  Default theme: 0
0:170  0:000  Hiding entries with string Preboot
0:170  0:000   Custom EDID is ok
0:170  0:000  === [ LoadDrivers ] =======================================
0:171  0:001  Loading AppleImageCodec-64.efi  status=Success
0:179  0:008  Loading AppleKeyAggregator-64.efi  status=Success
0:185  0:005  Loading AppleUITheme-64.efi  status=Success
0:192  0:006  Loading CsmVideoDxe-64.efi  status=Success
0:199  0:007   - driver needs connecting
0:199  0:000  Loading DataHubDxe-64.efi  status=Success
0:206  0:007  Loading Fat-64.efi  status=Success
0:213  0:007   - driver needs connecting
0:213  0:000  Loading FirmwareVolume-64.efi  status=Success
0:219  0:005  Loading FSInject-64.efi  status=Success
0:226  0:006  Loading HFSPlus.efi  status=Success
0:232  0:005   - driver needs connecting
0:232  0:000  Loading NTFS.efi  status=Success
0:239  0:007   - driver needs connecting
0:239  0:000  Loading OsxAptioFixDrv-64.efi  status=Success
0:246  0:006  Loading OsxFatBinaryDrv-64.efi  status=Success
0:252  0:006  Loading PartitionDxe-64.efi  status=Success
0:259  0:006   - driver needs connecting
0:259  0:000  Loading SMCHelper-64.efi  status=Success
0:265  0:006  Loading APFS.efi  status=Success
0:276  0:010   - driver needs connecting
0:276  0:000  6 drivers needs connecting ...
0:276  0:000  PlatformDriverOverrideProtocol not found. Installing ... Success
0:276  0:000  Partition driver loaded: 
0:276  0:000  HFS+ driver loaded
0:276  0:000  APFS driver loaded
0:276  0:000  Video driver loaded: disconnect Successdisconnect Success
0:660  0:384  Searching for invalid DiskIo BY_DRIVER connects: not found, all ok
3:889  3:228  === [ InitScreen ] ========================================
3:889  0:000  SetScreenResolution: 1920x1080 - already set
3:889  0:000  Console modes reported: 4, available modes:
3:889  0:000   - [01]: 80x25 (current mode)
3:889  0:000   - [02]: 80x50
3:889  0:000   - [03]: 100x31
3:889  0:000   - [04]: 240x56
3:889  0:000  reinit: self device path=PciRoot(0x0)\Pci(0x17,0x0)\Sata(0x0,0xFFFF,0x0)\HD(1,GPT,EC608816-0C23-46DD-ADFC-F854D5378D21,0x800,0xFA000)
3:891  0:002  === [ GetMacAddress ] =====================================
3:891  0:000  MAC address of LAN #0= A4:4C:C8:24:CC:62:
3:891  0:000  MAC address of LAN #1= A4:4C:C8:24:CC:62:
3:891  0:000  MAC address of LAN #2= A4:4C:C8:24:CC:62:
3:891  0:000  MAC address of LAN #3= A4:4C:C8:24:CC:62:
3:891  0:000  === [ ScanSPD ] ===========================================
3:892  0:000  SMBus device : 8086 A123 class=0C0500 status=Success
3:892  0:000  SMBus CmdReg: 0x3
3:892  0:000  Scanning SMBus [8086:A123], mmio: 0xDD132004, ioport: 0xF040, hostc: 0x11
3:892  0:000  Slots to scan [8]...
3:892  0:000  SPD[0]: Type 12 @0x50
3:910  0:017  DDR speed 2400MHz
3:910  0:000  Slot: 0 Type 26 8192MB 2400MHz Vendor=SK Hynix PartNo=HMA81GS6AFR8N-UH SerialNo=02090A090C0E0A0D
3:911  0:000  SPD[2]: Type 12 @0x52
3:928  0:017  DDR speed 2400MHz
3:928  0:000  Slot: 2 Type 26 8192MB 2400MHz Vendor=SK Hynix PartNo=HMA81GS6AFR8N-UH SerialNo=02090A090C0E0E02
3:929  0:000  === [ GetAcpiTablesList ] =================================
3:938  0:008  Get Acpi Tables List from RSDT:
3:938  0:000   - [00]: FACP  ALIENWRE len=132
3:938  0:000   - [01]: APIC  ALIENWRE len=188
3:938  0:000   - [02]: FPDT  ALIENWRE len=68
3:938  0:000   - [03]: MCFG  ALIENWRE len=60
3:938  0:000   - [04]: SSDT  SataTabl len=1122
3:938  0:000   - [05]: FIDT  ALIENWRE len=156
3:938  0:000   - [06]: SSDT  DptfTabl len=22020
3:938  0:000   - [07]: BOOT  ALIENWRE len=40
3:938  0:000   - [08]: SLIC  ALIENWRE len=374
3:938  0:000   - [09]: SSDT  SaSsdt  len=12633
3:938  0:000   - [10]: SSDT  PegSsdt len=10709
3:938  0:000   - [11]: HPET  KBL len=56
3:938  0:000   - [12]: SSDT  xh_rvp11 len=2361
3:938  0:000   - [13]: UEFI  EDK2     len=66
3:938  0:000   - [14]: MSDM  ALIENWRE len=85
3:938  0:000   - [15]: SSDT  CpuSsdt len=3806
3:938  0:000   - [16]: LPIT  KBL len=148
3:938  0:000   - [17]: WSMT  KBL len=40
3:938  0:000   - [18]: SSDT  sensrhub len=671
3:938  0:000   - [19]: SSDT  PtidDevc len=12290
3:938  0:000   - [20]: DBGP   len=52
3:938  0:000   - [21]: DBG2   len=84
3:938  0:000   - [22]: BGRT  ALIENWRE len=56
3:938  0:000   - [23]: SSDT  SgPeg len=174
3:938  0:000   - [24]: DMAR  KBL  len=168
3:938  0:000   - [25]: TPM2  Tpm2Tabl len=52
3:938  0:000   - [26]: SSDT  OptTabl len=25254
3:938  0:000  Calibrated TSC Frequency = 2808408420 = 2808MHz
3:938  0:000  === [ GetUserSettings ] ===================================
3:938  0:000   Custom EDID is ok
3:938  0:000  USB FixOwnership: yes
3:938  0:000  Dropping 3 tables:
3:938  0:000   - [00]: Drop table  signature="#MCF" (46434D23)
3:938  0:000           - set table: 46434D23,                0 to drop: no
3:938  0:000   - [01]: Drop table  signature="SSDT" (54445353) table-id="xh_rvp10" (30317076725F6878)
3:938  0:000           - set table: 54445353, 30317076725F6878 to drop: no
3:938  0:000   - [02]: Drop table  signature="DMAR" (52414D44)
3:938  0:000           - set table: 52414D44,                0 to drop: yes
3:938  0:000   - final DSDT Fix mask=20260050
3:938  0:000  PatchesDSDT: 13 requested
3:938  0:000   - [00]: (change OSID to XSID (to avoid match against _OSI XOSI patch)) lenToFind: 4, lenToReplace: 4
3:938  0:000    patch disabled at config
3:938  0:000   - [01]: (change _OSI to XOSI) lenToFind: 4, lenToReplace: 4
3:938  0:000   - [02]: (change _DSM to XDSM) lenToFind: 4, lenToReplace: 4
3:938  0:000   - [03]: (change EC0 to EC) lenToFind: 4, lenToReplace: 4
3:938  0:000   - [04]: (change H_EC to EC) lenToFind: 4, lenToReplace: 4
3:938  0:000    patch disabled at config
3:938  0:000   - [05]: (change ECDV to EC) lenToFind: 4, lenToReplace: 4
3:938  0:000    patch disabled at config
3:938  0:000   - [06]: (change HDAS to HDEF) lenToFind: 4, lenToReplace: 4
3:938  0:000   - [07]: (change HECI to IMEI) lenToFind: 4, lenToReplace: 4
3:938  0:000   - [08]: (change MEI to IMEI) lenToFind: 4, lenToReplace: 4
3:938  0:000   - [09]: (change GFX0 to IGPU) lenToFind: 4, lenToReplace: 4
3:938  0:000   - [10]: (change PCI0.VID to IGPU #1 (Thinkpad)) lenToFind: 8, lenToReplace: 8
3:938  0:000   - [11]: (change PCI0.VID to IGPU #2 (Thinkpad)) lenToFind: 14, lenToReplace: 14
3:938  0:000   - [12]: (change SAT0 to SATA) lenToFind: 4, lenToReplace: 4
3:938  0:000  PluginType: 1
3:938  0:000  Using ProductName from config
3:938  0:000  ProductName: MacBookPro14,3
3:938  0:000  Found same BiosVersion in clover and config
3:938  0:000  BiosVersion: MBP143.88Z.0167.B00.1708080129
3:938  0:000  BiosReleaseDate: 08/08/2017
3:938  0:000  Using FirmwareFeatures from config
3:938  0:000  FirmwareFeatures: 0xFC0FE13E
3:938  0:000  Using FirmwareFeaturesMask from config
3:938  0:000  FirmwareFeaturesMask: 0xFF1FFF3F
3:938  0:000  PlatformFeature: 0x1A
3:938  0:000  Board-ID set from config as Mac-551B86E5744E2388
3:938  0:000  BoardType: 0xA
3:938  0:000  ChassisType: 0x9
3:959  0:020  === [ ScanVolumes ] =======================================
3:959  0:000  Found 19 volumes with blockIO
3:959  0:000  - [00]: Volume: PciRoot(0x0)\Pci(0x14,0x0)\USB(0x10,0x0)\USB(0x2,0x0)
3:960  0:000          USB volume
3:960  0:000          USB volume
3:960  0:000  - [01]: Volume: PciRoot(0x0)\Pci(0x14,0x0)\USB(0x10,0x0)\USB(0x2,0x0)\HD(1,GPT,E17DEE3C-86F0-4F67-AD88-ABB50249ACAB,0x800,0x113000)
3:960  0:000          USB volume
3:960  0:000          USB volume
3:960  0:000  - [02]: Volume: PciRoot(0x0)\Pci(0x14,0x0)\USB(0x10,0x0)\USB(0x2,0x0)\HD(2,GPT,8BCD5143-0298-428B-BA19-2C6AD7030418,0x113800,0xCA6E800)
3:960  0:000          Result of bootcode detection: bootable unknown (legacy)
3:960  0:000          USB volume
3:960  0:000          USB volume
3:960  0:000  - [03]: Volume: PciRoot(0x0)\Pci(0x14,0x0)\USB(0x10,0x0)\USB(0x2,0x0)\HD(3,GPT,0602892E-CA77-43D1-A4C6-1DB1C1B34026,0xCB82000,0x9C40800)
3:960  0:000          Result of bootcode detection: bootable unknown (legacy)
3:960  0:000          USB volume
3:960  0:000          USB volume
3:960  0:000  - [04]: Volume: PciRoot(0x0)\Pci(0x14,0x0)\USB(0x10,0x0)\USB(0x2,0x0)\HD(4,GPT,0D1A5050-CA96-4478-AAD0-B32E2F403000,0x167C2800,0x445C000)
3:961  0:000          USB volume
3:961  0:000          USB volume
3:961  0:000  - [05]: Volume: PciRoot(0x0)\Pci(0x14,0x0)\USB(0x10,0x0)\USB(0x2,0x0)\HD(5,GPT,BD7F843C-FE65-45BE-91EF-7CBC3ABB396F,0x1AC1E800,0x1730000)
3:961  0:000          USB volume
3:961  0:000          USB volume
3:961  0:000  - [06]: Volume: PciRoot(0x0)\Pci(0x14,0x0)\USB(0x10,0x0)\USB(0x2,0x0)\HD(6,GPT,EC14DFA0-D3D5-4D36-85A8-31B2C6CBD416,0x1C38E800,0x1924A88)
3:961  0:000          USB volume
3:961  0:000          USB volume
3:961  0:000  - [07]: Volume: PciRoot(0x0)\Pci(0x17,0x0)\Sata(0x0,0xFFFF,0x0)
3:962  0:000  - [08]: Volume: PciRoot(0x0)\Pci(0x17,0x0)\Sata(0x3,0xFFFF,0x0)
3:962  0:000  - [09]: Volume: PciRoot(0x0)\Pci(0x17,0x0)\Sata(0x0,0xFFFF,0x0)\HD(1,GPT,EC608816-0C23-46DD-ADFC-F854D5378D21,0x800,0xFA000)
3:963  0:000          Result of bootcode detection: bootable Windows (vista,win)
3:964  0:001          This is SelfVolume !!
3:964  0:000  - [10]: Volume: PciRoot(0x0)\Pci(0x17,0x0)\Sata(0x0,0xFFFF,0x0)\HD(2,GPT,656AEF2F-9F2F-47DC-BA32-010DE71C9E04,0xFA800,0x40000)
3:965  0:000  - [11]: Volume: PciRoot(0x0)\Pci(0x17,0x0)\Sata(0x0,0xFFFF,0x0)\HD(3,GPT,098CBC88-1AAD-4033-8DA3-D10068786112,0x13A800,0xED41000)
3:965  0:000          Result of bootcode detection: bootable Windows (vista,win)
3:965  0:000  - [12]: Volume: PciRoot(0x0)\Pci(0x17,0x0)\Sata(0x3,0xFFFF,0x0)\HD(1,GPT,F0FD63EA-C0C3-4D6E-97E7-2190961EED66,0x800,0x40000)
3:966  0:000  - [13]: Volume: PciRoot(0x0)\Pci(0x17,0x0)\Sata(0x3,0xFFFF,0x0)\HD(2,GPT,5CCEFA9D-F000-423C-9536-4A088BE8ABB9,0x40800,0x746C5800)
3:966  0:000          Result of bootcode detection: bootable Windows (vista,win)
3:966  0:000  - [14]: Volume: PciRoot(0x0)\Pci(0x14,0x0)\USB(0x10,0x0)\USB(0x2,0x0)\HD(2,GPT,8BCD5143-0298-428B-BA19-2C6AD7030418,0x113800,0xCA6E800)\VenMedia(BE74FCF7-0B7C-49F3-9147-01F4042E6842,6A3C89D113675145BCDE6F842063BC16)
3:967  0:000          USB volume
3:967  0:000          USB volume
3:967  0:000          hiding this volume
3:967  0:000  - [15]: Volume: PciRoot(0x0)\Pci(0x14,0x0)\USB(0x10,0x0)\USB(0x2,0x0)\HD(2,GPT,8BCD5143-0298-428B-BA19-2C6AD7030418,0x113800,0xCA6E800)\VenMedia(BE74FCF7-0B7C-49F3-9147-01F4042E6842,6AB2E9DE8E9015418F15B9ED75814199)
3:967  0:000          USB volume
3:967  0:000          USB volume
3:967  0:000  - [16]: Volume: PciRoot(0x0)\Pci(0x14,0x0)\USB(0x10,0x0)\USB(0x2,0x0)\HD(2,GPT,8BCD5143-0298-428B-BA19-2C6AD7030418,0x113800,0xCA6E800)\VenMedia(BE74FCF7-0B7C-49F3-9147-01F4042E6842,F10BF0B4EFF4494DBDA7C72A328348BE)
3:967  0:000          USB volume
3:967  0:000          USB volume
3:967  0:000  - [17]: Volume: PciRoot(0x0)\Pci(0x14,0x0)\USB(0x10,0x0)\USB(0x2,0x0)\HD(2,GPT,8BCD5143-0298-428B-BA19-2C6AD7030418,0x113800,0xCA6E800)\VenMedia(BE74FCF7-0B7C-49F3-9147-01F4042E6842,D41C7BD0BCDBBF41889C371A38212A0E)
3:967  0:000          USB volume
3:967  0:000          USB volume
3:967  0:000  - [18]: Volume: PciRoot(0x0)\Pci(0x14,0x0)\USB(0x10,0x0)\USB(0x2,0x0)\HD(3,GPT,0602892E-CA77-43D1-A4C6-1DB1C1B34026,0xCB82000,0x9C40800)\VenMedia(BE74FCF7-0B7C-49F3-9147-01F4042E6842,03E3012C3678744E87FF23165E2A8DBB)
3:967  0:000          USB volume
3:967  0:000          USB volume
3:967  0:000  === [ InitTheme ] =========================================
3:971  0:003  Using theme '0' (EFI\CLOVER\themes\0)
3:971  0:000  OS main and drive as badge
3:975  0:004  Loading font from ThemeDir: Success
3:975  0:000  Choosing theme 0
3:975  0:000  after NVRAM boot-args=-v dart=0 nv_disable=1 kext-dev-mode=1 -disablegfxfirmware
3:975  0:000  === [ Dump SMC keys from NVRAM ] ==========================
3:975  0:000  found AppleSMC protocol
4:053  0:077  === [ AddCustomEntries ] ==================================
4:053  0:000  Custom entry 0 FullTitle:"ANDROID" Path:"\EFI\RemixOS\grubx64.efi" Type:4 Flags:0x0 matching Volume:"HD(1,GPT,EC608816-0C23-46DD-ADFC-F854D5378D21,0x800,0xFA000)"
4:053  0:000      Checking volume "Install macOS High Sierra" (PciRoot(0x0)\Pci(0x14,0x0)\USB(0x10,0x0)\USB(0x2,0x0)\HD(5,GPT,BD7F843C-FE65-45BE-91EF-7CBC3ABB396F,0x1AC1E800,0x1730000)) ... skipped because media is ignored
4:053  0:000      Checking volume "Install macOS Sierra" (PciRoot(0x0)\Pci(0x14,0x0)\USB(0x10,0x0)\USB(0x2,0x0)\HD(6,GPT,EC14DFA0-D3D5-4D36-85A8-31B2C6CBD416,0x1C38E800,0x1924A88)) ... skipped because media is ignored
4:053  0:000      Checking volume "ESP" (PciRoot(0x0)\Pci(0x17,0x0)\Sata(0x0,0xFFFF,0x0)\HD(1,GPT,EC608816-0C23-46DD-ADFC-F854D5378D21,0x800,0xFA000)) ... match!
4:060  0:007  not png, try icns
4:061  0:000          [!] Icon 19 (icons\vol_internal_ext3.icns) not found (path: EFI\CLOVER\themes\0)
4:064  0:003  not png, try icns
4:064  0:000  Custom settings: <null string>.plist will  be applied
4:064  0:000      Checking volume "WINDOWS 10" (PciRoot(0x0)\Pci(0x17,0x0)\Sata(0x0,0xFFFF,0x0)\HD(3,GPT,098CBC88-1AAD-4033-8DA3-D10068786112,0x13A800,0xED41000)) ... skipped
4:064  0:000      Checking volume "ALIENDATA" (PciRoot(0x0)\Pci(0x17,0x0)\Sata(0x3,0xFFFF,0x0)\HD(2,GPT,5CCEFA9D-F000-423C-9536-4A088BE8ABB9,0x40800,0x746C5800)) ... skipped
4:064  0:000      Checking volume "Preboot" (PciRoot(0x0)\Pci(0x14,0x0)\USB(0x10,0x0)\USB(0x2,0x0)\HD(2,GPT,8BCD5143-0298-428B-BA19-2C6AD7030418,0x113800,0xCA6E800)\VenMedia(BE74FCF7-0B7C-49F3-9147-01F4042E6842,6A3C89D113675145BCDE6F842063BC16)) ... skipped because volume is hidden
4:064  0:000      Checking volume "UHIGH" (PciRoot(0x0)\Pci(0x14,0x0)\USB(0x10,0x0)\USB(0x2,0x0)\HD(2,GPT,8BCD5143-0298-428B-BA19-2C6AD7030418,0x113800,0xCA6E800)\VenMedia(BE74FCF7-0B7C-49F3-9147-01F4042E6842,6AB2E9DE8E9015418F15B9ED75814199)) ... skipped
4:064  0:000      Checking volume "Recovery" (PciRoot(0x0)\Pci(0x14,0x0)\USB(0x10,0x0)\USB(0x2,0x0)\HD(2,GPT,8BCD5143-0298-428B-BA19-2C6AD7030418,0x113800,0xCA6E800)\VenMedia(BE74FCF7-0B7C-49F3-9147-01F4042E6842,F10BF0B4EFF4494DBDA7C72A328348BE)) ... skipped
4:064  0:000      Checking volume "VM" (PciRoot(0x0)\Pci(0x14,0x0)\USB(0x10,0x0)\USB(0x2,0x0)\HD(2,GPT,8BCD5143-0298-428B-BA19-2C6AD7030418,0x113800,0xCA6E800)\VenMedia(BE74FCF7-0B7C-49F3-9147-01F4042E6842,D41C7BD0BCDBBF41889C371A38212A0E)) ... skipped
4:064  0:000      Checking volume "UBETA" (PciRoot(0x0)\Pci(0x14,0x0)\USB(0x10,0x0)\USB(0x2,0x0)\HD(3,GPT,0602892E-CA77-43D1-A4C6-1DB1C1B34026,0xCB82000,0x9C40800)\VenMedia(BE74FCF7-0B7C-49F3-9147-01F4042E6842,03E3012C3678744E87FF23165E2A8DBB)) ... skipped
4:064  0:000  Custom entry 1 Title:"Windows" Path:"\EFI\Microsoft\Boot\bootmgfw.efi" Options:"-s -h" Type:7 Flags:0x0 matching all volumes
4:064  0:000      Checking volume "Install macOS High Sierra" (PciRoot(0x0)\Pci(0x14,0x0)\USB(0x10,0x0)\USB(0x2,0x0)\HD(5,GPT,BD7F843C-FE65-45BE-91EF-7CBC3ABB396F,0x1AC1E800,0x1730000)) ... skipped because path does not exist
4:064  0:000      Checking volume "Install macOS Sierra" (PciRoot(0x0)\Pci(0x14,0x0)\USB(0x10,0x0)\USB(0x2,0x0)\HD(6,GPT,EC14DFA0-D3D5-4D36-85A8-31B2C6CBD416,0x1C38E800,0x1924A88)) ... skipped because path does not exist
4:064  0:000      Checking volume "ESP" (PciRoot(0x0)\Pci(0x17,0x0)\Sata(0x0,0xFFFF,0x0)\HD(1,GPT,EC608816-0C23-46DD-ADFC-F854D5378D21,0x800,0xFA000)) ... match!
4:071  0:007  not png, try icns
4:073  0:002  not png, try icns
4:073  0:000  Custom settings: <null string>.plist will  be applied
4:073  0:000      Checking volume "WINDOWS 10" (PciRoot(0x0)\Pci(0x17,0x0)\Sata(0x0,0xFFFF,0x0)\HD(3,GPT,098CBC88-1AAD-4033-8DA3-D10068786112,0x13A800,0xED41000)) ... skipped because path does not exist
4:074  0:000      Checking volume "ALIENDATA" (PciRoot(0x0)\Pci(0x17,0x0)\Sata(0x3,0xFFFF,0x0)\HD(2,GPT,5CCEFA9D-F000-423C-9536-4A088BE8ABB9,0x40800,0x746C5800)) ... skipped because path does not exist
4:074  0:000      Checking volume "Preboot" (PciRoot(0x0)\Pci(0x14,0x0)\USB(0x10,0x0)\USB(0x2,0x0)\HD(2,GPT,8BCD5143-0298-428B-BA19-2C6AD7030418,0x113800,0xCA6E800)\VenMedia(BE74FCF7-0B7C-49F3-9147-01F4042E6842,6A3C89D113675145BCDE6F842063BC16)) ... skipped because volume is hidden
4:074  0:000      Checking volume "UHIGH" (PciRoot(0x0)\Pci(0x14,0x0)\USB(0x10,0x0)\USB(0x2,0x0)\HD(2,GPT,8BCD5143-0298-428B-BA19-2C6AD7030418,0x113800,0xCA6E800)\VenMedia(BE74FCF7-0B7C-49F3-9147-01F4042E6842,6AB2E9DE8E9015418F15B9ED75814199)) ... skipped because path does not exist
4:077  0:002      Checking volume "Recovery" (PciRoot(0x0)\Pci(0x14,0x0)\USB(0x10,0x0)\USB(0x2,0x0)\HD(2,GPT,8BCD5143-0298-428B-BA19-2C6AD7030418,0x113800,0xCA6E800)\VenMedia(BE74FCF7-0B7C-49F3-9147-01F4042E6842,F10BF0B4EFF4494DBDA7C72A328348BE)) ... skipped because path does not exist
4:078  0:001      Checking volume "VM" (PciRoot(0x0)\Pci(0x14,0x0)\USB(0x10,0x0)\USB(0x2,0x0)\HD(2,GPT,8BCD5143-0298-428B-BA19-2C6AD7030418,0x113800,0xCA6E800)\VenMedia(BE74FCF7-0B7C-49F3-9147-01F4042E6842,D41C7BD0BCDBBF41889C371A38212A0E)) ... skipped because path does not exist
4:078  0:000      Checking volume "UBETA" (PciRoot(0x0)\Pci(0x14,0x0)\USB(0x10,0x0)\USB(0x2,0x0)\HD(3,GPT,0602892E-CA77-43D1-A4C6-1DB1C1B34026,0xCB82000,0x9C40800)\VenMedia(BE74FCF7-0B7C-49F3-9147-01F4042E6842,03E3012C3678744E87FF23165E2A8DBB)) ... skipped because path does not exist
4:078  0:000  === [ ScanLoader ] ========================================
4:078  0:000  - [05]: 'Install macOS High Sierra'
4:079  0:000          AddLoaderEntry for Volume Name=Install macOS High Sierra
4:084  0:004  not png, try icns
4:086  0:002  not png, try icns
4:087  0:000  chosen os 10.13
4:118  0:031  not png, try icns
4:122  0:003  not png, try icns
4:125  0:003  not png, try icns
4:127  0:002  not png, try icns
4:131  0:003  not png, try icns
4:134  0:003  not png, try icns
4:136  0:002  not png, try icns
4:139  0:002  not png, try icns
4:142  0:003  not png, try icns
4:145  0:002  not png, try icns
4:148  0:002  not png, try icns
4:151  0:003  not png, try icns
4:154  0:003  not png, try icns
4:156  0:002  not png, try icns
4:157  0:000  - [06]: 'Install macOS Sierra'
4:157  0:000          AddLoaderEntry for Volume Name=Install macOS Sierra
4:161  0:004  not png, try icns
4:162  0:000  chosen os 10.12
4:179  0:017  not png, try icns
4:183  0:003  not png, try icns
4:186  0:003  not png, try icns
4:188  0:002  not png, try icns
4:191  0:002  not png, try icns
4:194  0:003  not png, try icns
4:196  0:002  not png, try icns
4:199  0:002  not png, try icns
4:202  0:003  not png, try icns
4:205  0:002  not png, try icns
4:207  0:002  not png, try icns
4:210  0:003  not png, try icns
4:214  0:003  not png, try icns
4:216  0:002  not png, try icns
4:216  0:000  - [09]: 'ESP'
4:226  0:010          AddLoaderEntry for Volume Name=ESP
4:226  0:000       skipped because path `PciRoot(0x0)\Pci(0x17,0x0)\Sata(0x0,0xFFFF,0x0)\HD(1,GPT,EC608816-0C23-46DD-ADFC-F854D5378D21,0x800,0xFA000)\EFI\microsoft\Boot\bootmgfw.efii` already exists for another entry!
4:230  0:003  not png, try icns
4:234  0:003  not png, try icns
4:237  0:003  not png, try icns
4:240  0:002  not png, try icns
4:243  0:002  not png, try icns
4:246  0:003  not png, try icns
4:249  0:002  not png, try icns
4:252  0:003  not png, try icns
4:256  0:003  not png, try icns
4:259  0:003  not png, try icns
4:262  0:002  not png, try icns
4:266  0:003  not png, try icns
4:270  0:003  not png, try icns
4:272  0:002  not png, try icns
4:274  0:002  - [11]: 'WINDOWS 10'
4:285  0:010  not png, try icns
4:289  0:003  not png, try icns
4:292  0:003  not png, try icns
4:295  0:002  not png, try icns
4:298  0:002  not png, try icns
4:302  0:003  not png, try icns
4:304  0:002  not png, try icns
4:307  0:003  not png, try icns
4:311  0:003  not png, try icns
4:314  0:003  not png, try icns
4:317  0:002  not png, try icns
4:321  0:003  not png, try icns
4:325  0:003  not png, try icns
4:327  0:002  not png, try icns
4:328  0:001  - [13]: 'ALIENDATA'
4:339  0:010  not png, try icns
4:342  0:003  not png, try icns
4:346  0:003  not png, try icns
4:349  0:002  not png, try icns
4:352  0:002  not png, try icns
4:356  0:003  not png, try icns
4:358  0:002  not png, try icns
4:362  0:003  not png, try icns
4:366  0:003  not png, try icns
4:369  0:003  not png, try icns
4:372  0:002  not png, try icns
4:375  0:003  not png, try icns
4:379  0:003  not png, try icns
4:382  0:002  not png, try icns
4:383  0:001  - [14]: 'Preboot', hidden
4:383  0:000  - [15]: 'UHIGH'
4:455  0:072          AddLoaderEntry for Volume Name=UHIGH
4:496  0:040      hibernated: set as never
4:500  0:004  not png, try icns
4:501  0:000  chosen os 10.13
4:534  0:033  not png, try icns
4:540  0:006  not png, try icns
4:546  0:005  not png, try icns
4:551  0:004  not png, try icns
4:556  0:005  not png, try icns
4:562  0:005  not png, try icns
4:567  0:004  not png, try icns
4:572  0:005  not png, try icns
4:578  0:006  not png, try icns
4:584  0:005  not png, try icns
4:589  0:004  not png, try icns
4:595  0:005  not png, try icns
4:601  0:005  not png, try icns
4:606  0:004  not png, try icns
4:611  0:005  - [16]: 'Recovery'
4:634  0:022          AddLoaderEntry for Volume Name=Recovery
4:648  0:014  not png, try icns
4:648  0:000  chosen os 10.13
4:689  0:040  not png, try icns
4:693  0:004  not png, try icns
4:697  0:004  not png, try icns
4:701  0:003  not png, try icns
4:705  0:003  not png, try icns
4:709  0:004  not png, try icns
4:712  0:003  not png, try icns
4:716  0:003  not png, try icns
4:721  0:004  not png, try icns
4:724  0:003  not png, try icns
4:728  0:003  not png, try icns
4:732  0:004  not png, try icns
4:737  0:004  not png, try icns
4:740  0:003  not png, try icns
4:742  0:002  - [17]: 'VM'
4:745  0:002  not png, try icns
4:748  0:003  not png, try icns
4:751  0:003  not png, try icns
4:753  0:002  not png, try icns
4:755  0:002  not png, try icns
4:758  0:003  not png, try icns
4:761  0:002  not png, try icns
4:763  0:002  not png, try icns
4:767  0:003  not png, try icns
4:769  0:002  not png, try icns
4:771  0:002  not png, try icns
4:775  0:003  not png, try icns
4:778  0:003  not png, try icns
4:780  0:002  not png, try icns
4:780  0:000  - [18]: 'UBETA'
4:782  0:002  not png, try icns
4:785  0:003  not png, try icns
4:789  0:003  not png, try icns
4:791  0:002  not png, try icns
4:793  0:002  not png, try icns
4:796  0:003  not png, try icns
4:798  0:002  not png, try icns
4:801  0:002  not png, try icns
4:804  0:003  not png, try icns
4:807  0:002  not png, try icns
4:809  0:002  not png, try icns
4:813  0:003  not png, try icns
4:816  0:003  not png, try icns
4:818  0:002  not png, try icns
4:818  0:000  === [ AddCustomTool ] =====================================
4:836  0:017  === [ GetEfiBootDeviceFromNvram ] =========================
4:837  0:000   - found entry 1. 'Boot Windows from ESP', Volume 'ESP', DevicePath 'PciRoot(0x0)\Pci(0x17,0x0)\Sata(0x0,0xFFFF,0x0)\HD(1,GPT,EC608816-0C23-46DD-ADFC-F854D5378D21,0x800,0xFA000)\EFI\Microsoft\Boot\bootmgfw.efii'
4:837  0:000  DefaultIndex=1 and MainMenu.EntryCount=10
5:118  0:281  GUI ready
13:796  8:677  Found UEFI Acpi 2.0 RSDP at 6A038000
13:796  0:000  Saving ACPI tables from RSDP 6A038000 to EFI\CLOVER\ACPI\origin ...
13:796  0:000   6A038000: 'RSD PTR ', Rev: 2 (Acpi 2.0 or newer), Len: 36 -> RSDP.aml
13:826  0:029    (Xsdt: 6A0380C0, Rsdt: 6A038028)
13:826  0:000    6A0380C0: 'XSDT', 'ALIENWRE', Rev: 1, Len: 260 -> XSDT.aml
13:855  0:029    6A038028: 'RSDT', 'ALIENWRE', Rev: 1, Len: 148 -> RSDT.aml
13:884  0:029    Tables in Xsdt: 28
13:884  0:000    0. 6A062A80: 'FACP', 'ALIENWRE', Rev: 6, Len: 276 -> FACP.aml
13:923  0:038        (Dsdt: 6A038258, Facs: 6A8BD540, XDsdt: 6A038258, XFacs: 0)
13:923  0:000        6A038258: 'DSDT', 'ALIENWRE', Rev: 2, Len: 174119 -> DSDT.aml
13:957  0:033        6A8BD540: 'FACS', Ver: 2, Len: 64 -> FACS.aml
13:996  0:039    1. 6A062B98: 'APIC', 'ALIENWRE', Rev: 3, Len: 188 -> APIC.aml
14:025  0:029    2. 6A062C58: 'FPDT', 'ALIENWRE', Rev: 1, Len: 68 -> FPDT.aml
14:056  0:030    3. 6A062CA0: 'MCFG', 'ALIENWRE', Rev: 1, Len: 60 -> MCFG.aml
14:086  0:030    4. 6A062CE0: 'SSDT', 'SataTabl', Rev: 1, Len: 1122 -> SSDT-0-SataTabl.aml
14:106  0:019    5. 6A063148: 'FIDT', 'ALIENWRE', Rev: 1, Len: 156 -> FIDT.aml
14:136  0:029    6. 6A0631E8: 'SSDT', 'DptfTabl', Rev: 2, Len: 22020 -> SSDT-1-DptfTabl.aml
14:156  0:020    7. 6A0687F0: 'BOOT', 'ALIENWRE', Rev: 1, Len: 40 -> BOOT.aml
14:185  0:029    8. 6A068818: 'SLIC', 'ALIENWRE', Rev: 1, Len: 374 -> SLIC.aml
14:215  0:029    9. 6A068990: 'SSDT', 'SaSsdt ', Rev: 2, Len: 12633 -> SSDT-2-SaSsdt .aml
14:235  0:020    10. 6A06BAF0: 'SSDT', 'PegSsdt', Rev: 2, Len: 10709 -> SSDT-3-PegSsdt.aml
14:256  0:021    11. 6A06E4C8: 'HPET', 'KBL', Rev: 1, Len: 56 -> HPET.aml
14:286  0:029    12. 6A06E500: 'SSDT', 'xh_rvp11', Rev: 2, Len: 2361 -> SSDT-4-xh_rvp11.aml
14:305  0:019    13. 6A06EE40: 'UEFI', 'EDK2    ', Rev: 1, Len: 66 -> UEFI.aml
14:335  0:030    14. 6A06EE88: 'MSDM', 'ALIENWRE', Rev: 3, Len: 85 -> MSDM.aml
14:364  0:029    15. 6A06EEE0: 'SSDT', 'CpuSsdt', Rev: 2, Len: 3806
 Found hidden SSDT 7 pcs
14:364  0:000        * 69FC1398: 'SSDT', 'Cpu0Ist', Rev: 2, Len: 1617  53 53 44 54 51 06 00 00 02 B5 50 6D 52 65 66 00 Internal length = 1617 -> SSDT-6x-Cpu0Ist.aml
14:384  0:019        * 69375018: 'SSDT', 'ApIst', Rev: 2, Len: 1628  53 53 44 54 5C 06 00 00 02 AF 50 6D 52 65 66 00 Internal length = 1628 -> SSDT-7x-ApIst.aml
14:403  0:019        * 69375898: 'SSDT', 'Cpu0Cst', Rev: 2, Len: 1023  53 53 44 54 FF 03 00 00 02 AF 50 6D 52 65 66 00 Internal length = 1023 -> SSDT-8x-Cpu0Cst.aml
14:422  0:019        * 69375DD8: 'SSDT', 'ApCst', Rev: 2, Len: 394  53 53 44 54 8A 01 00 00 02 39 50 6D 52 65 66 00 Internal length = 394 -> SSDT-9x-ApCst.aml
14:445  0:022        * 65B3EDD8: 'SSDT', 'Cpu0Hwp', Rev: 2, Len: 277  53 53 44 54 15 01 00 00 02 AE 50 6D 52 65 66 00 Internal length = 277 -> SSDT-10x-Cpu0Hwp.aml
14:464  0:019        * 65B3E218: 'SSDT', 'ApHwp', Rev: 2, Len: 407  53 53 44 54 97 01 00 00 02 F1 50 6D 52 65 66 00 Internal length = 407 -> SSDT-11x-ApHwp.aml
14:483  0:019        * 65B35DD8: 'SSDT', 'HwpLvt', Rev: 2, Len: 420  53 53 44 54 A4 01 00 00 02 3C 50 6D 52 65 66 00 Internal length = 420 -> SSDT-12x-HwpLvt.aml
14:503  0:019   -> SSDT-5-CpuSsdt.aml
14:523  0:019    16. 6A06FDC0: 'LPIT', 'KBL', Rev: 1, Len: 148 -> LPIT.aml
14:553  0:030    17. 6A06FE58: 'WSMT', 'KBL', Rev: 1, Len: 40 -> WSMT.aml
14:583  0:029    18. 6A06FE80: 'SSDT', 'sensrhub', Rev: 2, Len: 671 -> SSDT-13-sensrhub.aml
14:603  0:019    19. 6A070120: 'SSDT', 'PtidDevc', Rev: 2, Len: 12290 -> SSDT-14-PtidDevc.aml
14:622  0:019    20. 6A073128: 'DBGP', '', Rev: 1, Len: 52 -> DBGP.aml
14:655  0:032    21. 6A073160: 'DBG2', '', Rev: 0, Len: 84 -> DBG2.aml
14:684  0:029    22. 6A0731B8: 'BGRT', 'ALIENWRE', Rev: 1, Len: 56 -> BGRT.aml
14:713  0:029    23. 6A0731F0: 'SSDT', 'SgPeg', Rev: 2, Len: 174 -> SSDT-15-SgPeg.aml
14:733  0:020    24. 6A0732A0: 'DMAR', 'KBL ', Rev: 1, Len: 168 -> DMAR.aml
14:763  0:029    25. 6A073348: 'TPM2', 'Tpm2Tabl', Rev: 3, Len: 52 -> TPM2.aml
14:792  0:029    26. 6A073380: 'SSDT', 'OptTabl', Rev: 1, Len: 25254 -> SSDT-16-OptTabl.aml
14:817  0:025    27. = 0
14:817  0:000    Tables in Rsdt: 28
14:817  0:000    0. 6A0381D0: 'FACP', 'ALIENWRE', Rev: 2, Len: 132 -> RSDT-FACP.aml
14:847  0:030        (Dsdt: 6A038258, Facs: 6A8BD500)
14:847  0:000        6A038258: 'DSDT', 'ALIENWRE', Rev: 2, Len: 174119
14:849  0:002        6A8BD500: 'FACS', Ver: 0, Len: 64 -> RSDT-FACS.aml
14:878  0:029    1. 6A062B98: 'APIC', 'ALIENWRE', Rev: 3, Len: 188
14:878  0:000    2. 6A062C58: 'FPDT', 'ALIENWRE', Rev: 1, Len: 68
14:878  0:000    3. 6A062CA0: 'MCFG', 'ALIENWRE', Rev: 1, Len: 60
14:878  0:000    4. 6A062CE0: 'SSDT', 'SataTabl', Rev: 1, Len: 1122
14:878  0:000    5. 6A063148: 'FIDT', 'ALIENWRE', Rev: 1, Len: 156
14:878  0:000    6. 6A0631E8: 'SSDT', 'DptfTabl', Rev: 2, Len: 22020
14:878  0:000    7. 6A0687F0: 'BOOT', 'ALIENWRE', Rev: 1, Len: 40
14:878  0:000    8. 6A068818: 'SLIC', 'ALIENWRE', Rev: 1, Len: 374
14:878  0:000    9. 6A068990: 'SSDT', 'SaSsdt ', Rev: 2, Len: 12633
14:878  0:000    10. 6A06BAF0: 'SSDT', 'PegSsdt', Rev: 2, Len: 10709
14:878  0:000    11. 6A06E4C8: 'HPET', 'KBL', Rev: 1, Len: 56
14:878  0:000    12. 6A06E500: 'SSDT', 'xh_rvp11', Rev: 2, Len: 2361
14:878  0:000    13. 6A06EE40: 'UEFI', 'EDK2    ', Rev: 1, Len: 66
14:879  0:000    14. 6A06EE88: 'MSDM', 'ALIENWRE', Rev: 3, Len: 85
14:879  0:000    15. 6A06EEE0: 'SSDT', 'CpuSsdt', Rev: 2, Len: 3806
14:879  0:000    16. 6A06FDC0: 'LPIT', 'KBL', Rev: 1, Len: 148
14:879  0:000    17. 6A06FE58: 'WSMT', 'KBL', Rev: 1, Len: 40
14:879  0:000    18. 6A06FE80: 'SSDT', 'sensrhub', Rev: 2, Len: 671
14:879  0:000    19. 6A070120: 'SSDT', 'PtidDevc', Rev: 2, Len: 12290
14:879  0:000    20. 6A073128: 'DBGP', '', Rev: 1, Len: 52
14:879  0:000    21. 6A073160: 'DBG2', '', Rev: 0, Len: 84
14:879  0:000    22. 6A0731B8: 'BGRT', 'ALIENWRE', Rev: 1, Len: 56
14:879  0:000    23. 6A0731F0: 'SSDT', 'SgPeg', Rev: 2, Len: 174
14:879  0:000    24. 6A0732A0: 'DMAR', 'KBL ', Rev: 1, Len: 168
14:879  0:000    25. 6A073348: 'TPM2', 'Tpm2Tabl', Rev: 3, Len: 52
14:879  0:000    26. 6A073380: 'SSDT', 'OptTabl', Rev: 1, Len: 25254
14:879  0:000    27. = 0
14:879  0:000  Found UEFI Acpi 1.0 RSDP at 6A038000
14:879  0:000  Printing ACPI tables from RSDP 6A038000 ...
14:879  0:000   6A038000: 'RSD PTR ', Rev: 2 (Acpi 2.0 or newer), Len: 36
14:879  0:000    (Xsdt: 6A0380C0, Rsdt: 6A038028)
14:879  0:000    6A0380C0: 'XSDT', 'ALIENWRE', Rev: 1, Len: 260
14:879  0:000    6A038028: 'RSDT', 'ALIENWRE', Rev: 1, Len: 148
14:879  0:000    Tables in Xsdt: 28
14:879  0:000    0. 6A062A80: 'FACP', 'ALIENWRE', Rev: 6, Len: 276
14:879  0:000        (Dsdt: 6A038258, Facs: 6A8BD540, XDsdt: 6A038258, XFacs: 0)
14:879  0:000        6A038258: 'DSDT', 'ALIENWRE', Rev: 2, Len: 174119
14:881  0:002        6A8BD540: 'FACS', Ver: 2, Len: 64
14:881  0:000    1. 6A062B98: 'APIC', 'ALIENWRE', Rev: 3, Len: 188
14:881  0:000    2. 6A062C58: 'FPDT', 'ALIENWRE', Rev: 1, Len: 68
14:881  0:000    3. 6A062CA0: 'MCFG', 'ALIENWRE', Rev: 1, Len: 60
14:881  0:000    4. 6A062CE0: 'SSDT', 'SataTabl', Rev: 1, Len: 1122
14:881  0:000    5. 6A063148: 'FIDT', 'ALIENWRE', Rev: 1, Len: 156
14:881  0:000    6. 6A0631E8: 'SSDT', 'DptfTabl', Rev: 2, Len: 22020
14:881  0:000    7. 6A0687F0: 'BOOT', 'ALIENWRE', Rev: 1, Len: 40
14:881  0:000    8. 6A068818: 'SLIC', 'ALIENWRE', Rev: 1, Len: 374
14:881  0:000    9. 6A068990: 'SSDT', 'SaSsdt ', Rev: 2, Len: 12633
14:881  0:000    10. 6A06BAF0: 'SSDT', 'PegSsdt', Rev: 2, Len: 10709
14:881  0:000    11. 6A06E4C8: 'HPET', 'KBL', Rev: 1, Len: 56
14:881  0:000    12. 6A06E500: 'SSDT', 'xh_rvp11', Rev: 2, Len: 2361
14:881  0:000    13. 6A06EE40: 'UEFI', 'EDK2    ', Rev: 1, Len: 66
14:881  0:000    14. 6A06EE88: 'MSDM', 'ALIENWRE', Rev: 3, Len: 85
14:881  0:000    15. 6A06EEE0: 'SSDT', 'CpuSsdt', Rev: 2, Len: 3806
14:881  0:000    16. 6A06FDC0: 'LPIT', 'KBL', Rev: 1, Len: 148
14:881  0:000    17. 6A06FE58: 'WSMT', 'KBL', Rev: 1, Len: 40
14:881  0:000    18. 6A06FE80: 'SSDT', 'sensrhub', Rev: 2, Len: 671
14:881  0:000    19. 6A070120: 'SSDT', 'PtidDevc', Rev: 2, Len: 12290
14:881  0:000    20. 6A073128: 'DBGP', '', Rev: 1, Len: 52
14:881  0:000    21. 6A073160: 'DBG2', '', Rev: 0, Len: 84
14:881  0:000    22. 6A0731B8: 'BGRT', 'ALIENWRE', Rev: 1, Len: 56
14:881  0:000    23. 6A0731F0: 'SSDT', 'SgPeg', Rev: 2, Len: 174
14:881  0:000    24. 6A0732A0: 'DMAR', 'KBL ', Rev: 1, Len: 168
14:881  0:000    25. 6A073348: 'TPM2', 'Tpm2Tabl', Rev: 3, Len: 52
14:881  0:000    26. 6A073380: 'SSDT', 'OptTabl', Rev: 1, Len: 25254
14:881  0:000    27. = 0
14:881  0:000    Tables in Rsdt: 28
14:881  0:000    0. 6A0381D0: 'FACP', 'ALIENWRE', Rev: 2, Len: 132
14:881  0:000        (Dsdt: 6A038258, Facs: 6A8BD500)
14:881  0:000        6A038258: 'DSDT', 'ALIENWRE', Rev: 2, Len: 174119
14:883  0:002        6A8BD500: 'FACS', Ver: 0, Len: 64
14:883  0:000    1. 6A062B98: 'APIC', 'ALIENWRE', Rev: 3, Len: 188
14:883  0:000    2. 6A062C58: 'FPDT', 'ALIENWRE', Rev: 1, Len: 68
14:883  0:000    3. 6A062CA0: 'MCFG', 'ALIENWRE', Rev: 1, Len: 60
14:883  0:000    4. 6A062CE0: 'SSDT', 'SataTabl', Rev: 1, Len: 1122
14:883  0:000    5. 6A063148: 'FIDT', 'ALIENWRE', Rev: 1, Len: 156
14:883  0:000    6. 6A0631E8: 'SSDT', 'DptfTabl', Rev: 2, Len: 22020
14:883  0:000    7. 6A0687F0: 'BOOT', 'ALIENWRE', Rev: 1, Len: 40
14:883  0:000    8. 6A068818: 'SLIC', 'ALIENWRE', Rev: 1, Len: 374
14:883  0:000    9. 6A068990: 'SSDT', 'SaSsdt ', Rev: 2, Len: 12633
14:883  0:000    10. 6A06BAF0: 'SSDT', 'PegSsdt', Rev: 2, Len: 10709
14:883  0:000    11. 6A06E4C8: 'HPET', 'KBL', Rev: 1, Len: 56
14:883  0:000    12. 6A06E500: 'SSDT', 'xh_rvp11', Rev: 2, Len: 2361
14:883  0:000    13. 6A06EE40: 'UEFI', 'EDK2    ', Rev: 1, Len: 66
14:883  0:000    14. 6A06EE88: 'MSDM', 'ALIENWRE', Rev: 3, Len: 85
14:883  0:000    15. 6A06EEE0: 'SSDT', 'CpuSsdt', Rev: 2, Len: 3806
14:883  0:000    16. 6A06FDC0: 'LPIT', 'KBL', Rev: 1, Len: 148
14:883  0:000    17. 6A06FE58: 'WSMT', 'KBL', Rev: 1, Len: 40
14:883  0:000    18. 6A06FE80: 'SSDT', 'sensrhub', Rev: 2, Len: 671
14:883  0:000    19. 6A070120: 'SSDT', 'PtidDevc', Rev: 2, Len: 12290
14:883  0:000    20. 6A073128: 'DBGP', '', Rev: 1, Len: 52
14:883  0:000    21. 6A073160: 'DBG2', '', Rev: 0, Len: 84
14:883  0:000    22. 6A0731B8: 'BGRT', 'ALIENWRE', Rev: 1, Len: 56
14:883  0:000    23. 6A0731F0: 'SSDT', 'SgPeg', Rev: 2, Len: 174
14:883  0:000    24. 6A0732A0: 'DMAR', 'KBL ', Rev: 1, Len: 168
14:883  0:000    25. 6A073348: 'TPM2', 'Tpm2Tabl', Rev: 3, Len: 52
14:883  0:000    26. 6A073380: 'SSDT', 'OptTabl', Rev: 1, Len: 25254
14:883  0:000    27. = 0
42:226  27:343   boot with args: -v dart=0 nv_disable=1 kext-dev-mode=1 -disablegfxfirmware
42:227  0:000  BootVariable of the entry is empty
42:227  0:000  === [ StartLoader ] =======================================
42:227  0:000  Finally: ExternalClock=25MHz BusSpeed=100300kHz CPUFreq=2808MHz PIS: hw.busfrequency=100000000Hz
42:227  0:000  Loading boot.efi  status=Success
42:288  0:061  GetOSVersion: 10.13 (17A405)
42:288  0:000  CSR_CFG: CSR_ALLOW_UNTRUSTED_KEXTS | CSR_ALLOW_UNRESTRICTED_FS | CSR_ALLOW_TASK_FOR_PID | CSR_ALLOW_UNRESTRICTED_DTRACE | CSR_ALLOW_UNRESTRICTED_NVRAM
42:288  0:000  Filtering KextPatches:
42:288  0:000   - [00]: com.apple.driver.AppleIntelKBLGraphicsFramebuffer (0x591b0000, 32MB BIOS, 19MB framebuffer 9MB cursor bytes (credit RehabMan)) :: BinPatch :: [OS: 10.13 | MatchOS: All | MatchBuild: All] ==> disabled by user
42:288  0:000   - [01]: com.apple.driver.AppleIntelKBLGraphicsFramebuffer (0x591b0000, 0105 instead of 0306, HDMI) :: BinPatch :: [OS: 10.13 | MatchOS: All | MatchBuild: All] ==> disabled by user
42:288  0:000   - [02]: com.apple.iokit.IOAHCIBlockStorage (Enable TRIM for SSD) :: BinPatch :: [OS: 10.13 | MatchOS: All | MatchBuild: All] ==> allowed
42:288  0:000   - [03]: AppleGraphicsDevicePolicy (ex smbios hdmi) :: PlistPatch :: [OS: 10.13 | MatchOS: All | MatchBuild: All] ==> disabled by user
42:288  0:000   - [04]: AppleHDAController (100_Series_ Audio_Controller) :: BinPatch :: [OS: 10.13 | MatchOS: All | MatchBuild: All] ==> disabled by user
42:288  0:000   - [05]: com.apple.driver.AppleBacklight (change F%uT%04x to F%uTxxxx in AppleBacklightInjector.kext (credit RehabMan)) :: BinPatch :: [OS: 10.13 | MatchOS: All | MatchBuild: All] ==> disabled by user
42:288  0:000   - [06]: AppleSMCPDRC (hostbridge) :: PlistPatch :: [OS: 10.13 | MatchOS: All | MatchBuild: All] ==> disabled by user
42:288  0:000   - [07]: AppleUSBXHCIPCI (NoLabel) :: PlistPatch :: [OS: 10.13 | MatchOS: All | MatchBuild: All] ==> disabled by user
42:288  0:000   - [08]: com.apple.driver.AppleIntelKBLGraphicsFramebuffer (Disable minStolenSize less or equal fStolenMemorySize assertion, 10.13 (based on Austere.J patch by PMheart)) :: BinPatch :: [OS: 10.13 | MatchOS: 10.13.x | MatchBuild: All] ==> allowed
42:288  0:000  Filtering KernelPatches:
42:288  0:000   - [00]: MSR 0xE2 _xcpm_idle instant reboot(c) Pike R. Alpha :: [OS: 10.13 | MatchOS: All | MatchBuild: no] ==> allowed by OS
42:288  0:000  === [ PatchSmbios ] =======================================
42:288  0:000  insert table 9 for dev 0:0
42:288  0:000  insert table 9 for dev 0:0
42:288  0:000  insert table 9 for dev 0:0
42:289  0:001  Injecting user memory modules to SMBIOS
42:289  0:000  Channels: 2
42:289  0:000  Interleave: 0 2 1 3 4 6 5 7 8 10 9 11 12 14 13 15 16 18 17 19 20 22 21 23
42:289  0:000  BANK 0 DIMM0 EMPTY
42:289  0:000  BANK 1 DIMM0 EMPTY
42:289  0:000  BANK 0 DIMM1 2400MHz 8192MB
42:289  0:000  BANK 1 DIMM1 2400MHz 8192MB
42:289  0:000  mTotalSystemMemory = 16384
42:289  0:000  NumberOfMemoryDevices = 4
42:289  0:000  Table 131 is present, CPUType=31
42:289  0:000  Change to: 705
42:289  0:000  === [ PatchACPI ] =========================================
42:289  0:000  RSDT 0x6A038028
42:289  0:000  FADT from RSDT: 0x6A0381D0
42:289  0:000  XSDT 0x6A0380C0
42:289  0:000  FADT from XSDT: 0x6A062A80
42:289  0:000  Xsdt reallocation done
42:289  0:000  old FADT length=114
42:293  0:003  Apply DsdtFixMask=0x20260050
42:293  0:000     drop _DSM mask=0xFFFF
42:293  0:000  === [ FixBiosDsdt ] =======================================
42:293  0:000  VideoCard devID=0x1C2010DE
42:293  0:000  DisplayADR1[0] = 0x10000, DisplayADR2[0] = 0x0
42:293  0:000  VideoCard devID=0x591B8086
42:293  0:000  DisplayADR1[1] = 0x20000, DisplayADR2[1] = 0xFFFE
42:293  0:000  USBADR[0] = 0x140000 and PCIe = 0xFFFE
42:294  0:000  Found Airport Atheros at 0x1C0005, 0x0, DeviceID=0x003E
42:307  0:013  Patching DSDT:
42:307  0:000   - [change OSID to XSID (to avoid match against _OSI XOSI patch)]: disabled
42:307  0:000   - [change _OSI to XOSI]: pattern 5F4F5349, patched at: [ (9B80) (880E) (3) (11) (18) (1C) (1C) (1A) (18) (18) (18) (18) ]
42:307  0:000   - [change _DSM to XDSM]: pattern 5F44534D, patched at: [ (3C3E) (456) (3A2) (3A2) (3A2) (3A2) (3A2) (3A2) (3A2) (3A2) (3A2) (3A2) (3A2) (3A2) (3A2) (3A2) (3A2) (3A2) (3A2) (3A2) (3A2) (3A2) (3A2) (3A2) (3AF) (1CC9) (77) (29) (727) (103) (6) (755) (503) (11) (53) (22) (22) (33) (14) (24) (23A2) (D3) (D3) (D3) (D3) (D3) (BE) (BE) (CC) (104) (104) (2B2) (603) (F2D) (14A) (9B) (37) (5B9) (4DDC) (714) (691) (691) (691) (6AA) (691) (691) (691) (6AA) (691) (691) (691) (691) (691) (691) (691) (691) (691) (691) (691) (217A) (1DF7) (1FD) (1FC) (1FC) (212) (20F) (210) (210) (503) (929) (92C) (92C) (6E7) (1F0) (14D) (F3C) ]
42:307  0:000   - [change EC0 to EC]: pattern 4543305F, patched at: [ (9317) (11) (2864) (15) (10) (10) (1C090) (887) (10) (111D) (47) (F) (D9) (10) (F) (10) (18) (1B) (B) (166) (14) (D) (11) (B) (B) (1B) (18) (16) (28) (31) (83) (30) (1C) (A) (34) (1C) (15) (15) (17) (34) (15) (17) (1B) (38) (33) (12E) (1B) (2E) (29) (30) (47C) (170) (3C) ]
42:307  0:000   - [change H_EC to EC]: disabled
42:307  0:000   - [change ECDV to EC]: disabled
42:307  0:000   - [change HDAS to HDEF]: pattern 48444153, patched at: [ (331) (12) (12) (ABAE) (15D9) (84) (D) (2B) (32) (4F) (6F) (C3) (198A8) ]
42:308  0:000   - [change HECI to IMEI]: pattern 48454349, patched at: [ (10E11) ]
42:308  0:000   - [change MEI to IMEI]: pattern 4D45495F, bin not found / already patched!
42:308  0:000   - [change GFX0 to IGPU]: pattern 47465830, patched at: [ (51) (12) (12) (12) (12) (12) (12) (12) (12) (12) (12) (12) (12) (12) (12) (12) (6A) (12) (373) (12) (50) (201) (D) (D) (D) (D) (33DA) (6124) (7B07) (1B) (1C3F) (27) (2B9B) (14) (872B) (153D) (92E7) (51) (34) (F) (8) (520) (8EE) (30) (192) (10) (10) (10) (10) (22) (1C) (1C) (1C) (1B) (BE) ]
42:308  0:000   - [change PCI0.VID to IGPU #1 (Thinkpad)]: pattern 50434930, bin not found / already patched!
42:308  0:000   - [change PCI0.VID to IGPU #2 (Thinkpad)]: pattern 5649445F, bin not found / already patched!
42:308  0:000   - [change SAT0 to SATA]: pattern 53415430, patched at: [ (36A) (D) (D) (16) (C415) (30) (1200E) (3F) (14E1) (4E2) (2A) (29) (2E) (2E) (2E) (2E) ]
42:308  0:000  first CPU found at 9824 offset 9827
42:308  0:000  score candidate at 9820
42:308  0:000  score inserted in acpi_cpu_score _PR_
42:308  0:000  Found ACPI CPU: CPU0 | CPU1 | CPU2 | CPU3 | CPU4 | CPU5 | CPU6 | CPU7 , within the score: _PR_
42:309  0:000  Found PCIROOTUID = 0
42:309  0:000  Start RTC Fix
42:309  0:000  found RTC Length not match, Maybe will cause CMOS reset will patch it.
42:309  0:000  found RTC had IRQNoFlag will move -3 bytes
42:309  0:000  ...len=2A824
42:309  0:000  new size written to 26370 shift=0 len=2A824
42:309  0:000  len after correct outers 2A824
42:309  0:000  Start TMR Fix
42:310  0:000  Start PIC Fix
42:310  0:000  PIC size=A5 at 26198
42:310  0:000  found CRS at 261AC size 8D
42:310  0:000  found PIC had IRQNoFlag will move -3 bytes
42:310  0:000  Fix Device PIC size -3
42:310  0:000  Start HPET Fix
42:311  0:000  Start _WAK Return Fix
42:311  0:000  _WAK Method find return data, don't need to patch.
42:311  0:000  return len=2A801
42:311  0:000  === [ ACPIDropTables ] ====================================
42:311  0:000  Drop tables from Xsdt, SIGN=DMAR TableID=KBL  Length=168
42:311  0:000   Xsdt has tables count=28
42:311  0:000   Table: DMAR  KBL   168 dropped
42:311  0:000  First zero in XSDT table
42:311  0:000  === [ PatchAllSSDT ] ======================================
42:311  0:000  Patch table: SSDT  SataTabl len=0x462
42:311  0:000  0. [change OSID to XSID (to avoid match against _OSI XOSI patch)]: disabled
42:311  0:000  1. [change _OSI to XOSI]: pattern 5F4F5349, bin not found / already patched!
42:311  0:000  2. [change _DSM to XDSM]: pattern 5F44534D, bin not found / already patched!
42:311  0:000  3. [change EC0 to EC]: pattern 4543305F, bin not found / already patched!
42:311  0:000  4. [change H_EC to EC]: disabled
42:311  0:000  5. [change ECDV to EC]: disabled
42:311  0:000  6. [change HDAS to HDEF]: pattern 48444153, bin not found / already patched!
42:311  0:000  7. [change HECI to IMEI]: pattern 48454349, bin not found / already patched!
42:311  0:000  8. [change MEI to IMEI]: pattern 4D45495F, bin not found / already patched!
42:311  0:000  9. [change GFX0 to IGPU]: pattern 47465830, bin not found / already patched!
42:311  0:000  10. [change PCI0.VID to IGPU #1 (Thinkpad)]: pattern 50434930, bin not found / already patched!
42:311  0:000  11. [change PCI0.VID to IGPU #2 (Thinkpad)]: pattern 5649445F, bin not found / already patched!
42:311  0:000  12. [change SAT0 to SATA]: pattern 53415430, patched at: [ (27) (E) (12) (12) (12) (12) (12) (D1) ]
42:311  0:000  Patch table: SSDT  DptfTabl len=0x5604
42:311  0:000  0. [change OSID to XSID (to avoid match against _OSI XOSI patch)]: disabled
42:311  0:000  1. [change _OSI to XOSI]: pattern 5F4F5349, bin not found / already patched!
42:311  0:000  2. [change _DSM to XDSM]: pattern 5F44534D, bin not found / already patched!
42:311  0:000  3. [change EC0 to EC]: pattern 4543305F, patched at: [ (DD4) (12) (16) (16) (16) (16) (16) (16) (A24) (26) (1C) (1D) (1D) (1D) (DFE) (16) (1B) (2A) (1912) (AF) (16) (1B) (2A) (50) (188) (82) (18) (AF) (16) (1B) (2A) (44) (224) (82) (18) (A7) (16) (1B) (2A) (44) (1F0) (EB) (18) (B1) (16) (1B) (2A) (44) (188) (82) (58) (27) (27) (27) (75) (2D) (2D) (2D) ]
42:311  0:000  4. [change H_EC to EC]: disabled
42:311  0:000  5. [change ECDV to EC]: disabled
42:311  0:000  6. [change HDAS to HDEF]: pattern 48444153, bin not found / already patched!
42:311  0:000  7. [change HECI to IMEI]: pattern 48454349, bin not found / already patched!
42:311  0:000  8. [change MEI to IMEI]: pattern 4D45495F, bin not found / already patched!
42:311  0:000  9. [change GFX0 to IGPU]: pattern 47465830, bin not found / already patched!
42:311  0:000  10. [change PCI0.VID to IGPU #1 (Thinkpad)]: pattern 50434930, bin not found / already patched!
42:311  0:000  11. [change PCI0.VID to IGPU #2 (Thinkpad)]: pattern 5649445F, bin not found / already patched!
42:311  0:000  12. [change SAT0 to SATA]: pattern 53415430, bin not found / already patched!
42:311  0:000  Patch table: SSDT  SaSsdt  len=0x3159
42:311  0:000  0. [change OSID to XSID (to avoid match against _OSI XOSI patch)]: disabled
42:311  0:000  1. [change _OSI to XOSI]: pattern 5F4F5349, bin not found / already patched!
42:311  0:000  2. [change _DSM to XDSM]: pattern 5F44534D, patched at: [ (2C47) ]
42:311  0:000  3. [change EC0 to EC]: pattern 4543305F, bin not found / already patched!
42:311  0:000  4. [change H_EC to EC]: disabled
42:311  0:000  5. [change ECDV to EC]: disabled
42:311  0:000  6. [change HDAS to HDEF]: pattern 48444153, bin not found / already patched!
42:311  0:000  7. [change HECI to IMEI]: pattern 48454349, bin not found / already patched!
42:311  0:000  8. [change MEI to IMEI]: pattern 4D45495F, bin not found / already patched!
42:311  0:000  9. [change GFX0 to IGPU]: pattern 47465830, patched at: [ (2D) (20) (46) (2A0) (1C8A) (A3A) (1D) (6EC) ]
42:312  0:000  10. [change PCI0.VID to IGPU #1 (Thinkpad)]: pattern 50434930, bin not found / already patched!
42:312  0:000  11. [change PCI0.VID to IGPU #2 (Thinkpad)]: pattern 5649445F, bin not found / already patched!
42:312  0:000  12. [change SAT0 to SATA]: pattern 53415430, bin not found / already patched!
42:312  0:000  Patch table: SSDT  PegSsdt len=0x29D5
42:312  0:000  0. [change OSID to XSID (to avoid match against _OSI XOSI patch)]: disabled
42:312  0:000  1. [change _OSI to XOSI]: pattern 5F4F5349, bin not found / already patched!
42:312  0:000  2. [change _DSM to XDSM]: pattern 5F44534D, patched at: [ (5A3) (52C) (368) ]
42:312  0:000  3. [change EC0 to EC]: pattern 4543305F, patched at: [ (330) (16) (4A0) (18) (5E) ]
42:312  0:000  4. [change H_EC to EC]: disabled
42:312  0:000  5. [change ECDV to EC]: disabled
42:312  0:000  6. [change HDAS to HDEF]: pattern 48444153, bin not found / already patched!
42:312  0:000  7. [change HECI to IMEI]: pattern 48454349, bin not found / already patched!
42:312  0:000  8. [change MEI to IMEI]: pattern 4D45495F, bin not found / already patched!
42:312  0:000  9. [change GFX0 to IGPU]: pattern 47465830, bin not found / already patched!
42:312  0:000  10. [change PCI0.VID to IGPU #1 (Thinkpad)]: pattern 50434930, bin not found / already patched!
42:312  0:000  11. [change PCI0.VID to IGPU #2 (Thinkpad)]: pattern 5649445F, bin not found / already patched!
42:312  0:000  12. [change SAT0 to SATA]: pattern 53415430, bin not found / already patched!
42:312  0:000  Patch table: SSDT  xh_rvp11 len=0x939
42:312  0:000  0. [change OSID to XSID (to avoid match against _OSI XOSI patch)]: disabled
42:312  0:000  1. [change _OSI to XOSI]: pattern 5F4F5349, bin not found / already patched!
42:312  0:000  2. [change _DSM to XDSM]: pattern 5F44534D, bin not found / already patched!
42:312  0:000  3. [change EC0 to EC]: pattern 4543305F, bin not found / already patched!
42:312  0:000  4. [change H_EC to EC]: disabled
42:312  0:000  5. [change ECDV to EC]: disabled
42:312  0:000  6. [change HDAS to HDEF]: pattern 48444153, bin not found / already patched!
42:312  0:000  7. [change HECI to IMEI]: pattern 48454349, bin not found / already patched!
42:312  0:000  8. [change MEI to IMEI]: pattern 4D45495F, bin not found / already patched!
42:312  0:000  9. [change GFX0 to IGPU]: pattern 47465830, bin not found / already patched!
42:312  0:000  10. [change PCI0.VID to IGPU #1 (Thinkpad)]: pattern 50434930, bin not found / already patched!
42:312  0:000  11. [change PCI0.VID to IGPU #2 (Thinkpad)]: pattern 5649445F, bin not found / already patched!
42:312  0:000  12. [change SAT0 to SATA]: pattern 53415430, bin not found / already patched!
42:312  0:000  Patch table: SSDT  CpuSsdt len=0xEDE
42:312  0:000  0. [change OSID to XSID (to avoid match against _OSI XOSI patch)]: disabled
42:312  0:000  1. [change _OSI to XOSI]: pattern 5F4F5349, bin not found / already patched!
42:312  0:000  2. [change _DSM to XDSM]: pattern 5F44534D, bin not found / already patched!
42:312  0:000  3. [change EC0 to EC]: pattern 4543305F, bin not found / already patched!
42:312  0:000  4. [change H_EC to EC]: disabled
42:312  0:000  5. [change ECDV to EC]: disabled
42:312  0:000  6. [change HDAS to HDEF]: pattern 48444153, bin not found / already patched!
42:312  0:000  7. [change HECI to IMEI]: pattern 48454349, bin not found / already patched!
42:312  0:000  8. [change MEI to IMEI]: pattern 4D45495F, bin not found / already patched!
42:312  0:000  9. [change GFX0 to IGPU]: pattern 47465830, bin not found / already patched!
42:312  0:000  10. [change PCI0.VID to IGPU #1 (Thinkpad)]: pattern 50434930, bin not found / already patched!
42:312  0:000  11. [change PCI0.VID to IGPU #2 (Thinkpad)]: pattern 5649445F, bin not found / already patched!
42:312  0:000  12. [change SAT0 to SATA]: pattern 53415430, bin not found / already patched!
42:312  0:000  Patch table: SSDT  sensrhub len=0x29F
42:312  0:000  0. [change OSID to XSID (to avoid match against _OSI XOSI patch)]: disabled
42:312  0:000  1. [change _OSI to XOSI]: pattern 5F4F5349, bin not found / already patched!
42:312  0:000  2. [change _DSM to XDSM]: pattern 5F44534D, patched at: [ (A5) ]
42:312  0:000  3. [change EC0 to EC]: pattern 4543305F, bin not found / already patched!
42:312  0:000  4. [change H_EC to EC]: disabled
42:312  0:000  5. [change ECDV to EC]: disabled
42:312  0:000  6. [change HDAS to HDEF]: pattern 48444153, bin not found / already patched!
42:312  0:000  7. [change HECI to IMEI]: pattern 48454349, bin not found / already patched!
42:312  0:000  8. [change MEI to IMEI]: pattern 4D45495F, bin not found / already patched!
42:312  0:000  9. [change GFX0 to IGPU]: pattern 47465830, bin not found / already patched!
42:312  0:000  10. [change PCI0.VID to IGPU #1 (Thinkpad)]: pattern 50434930, bin not found / already patched!
42:312  0:000  11. [change PCI0.VID to IGPU #2 (Thinkpad)]: pattern 5649445F, bin not found / already patched!
42:312  0:000  12. [change SAT0 to SATA]: pattern 53415430, bin not found / already patched!
42:312  0:000  Patch table: SSDT  PtidDevc len=0x3002
42:312  0:000  0. [change OSID to XSID (to avoid match against _OSI XOSI patch)]: disabled
42:312  0:000  1. [change _OSI to XOSI]: pattern 5F4F5349, bin not found / already patched!
42:312  0:000  2. [change _DSM to XDSM]: pattern 5F44534D, bin not found / already patched!
42:312  0:000  3. [change EC0 to EC]: pattern 4543305F, bin not found / already patched!
42:312  0:000  4. [change H_EC to EC]: disabled
42:312  0:000  5. [change ECDV to EC]: disabled
42:312  0:000  6. [change HDAS to HDEF]: pattern 48444153, bin not found / already patched!
42:312  0:000  7. [change HECI to IMEI]: pattern 48454349, bin not found / already patched!
42:312  0:000  8. [change MEI to IMEI]: pattern 4D45495F, bin not found / already patched!
42:312  0:000  9. [change GFX0 to IGPU]: pattern 47465830, bin not found / already patched!
42:312  0:000  10. [change PCI0.VID to IGPU #1 (Thinkpad)]: pattern 50434930, bin not found / already patched!
42:312  0:000  11. [change PCI0.VID to IGPU #2 (Thinkpad)]: pattern 5649445F, bin not found / already patched!
42:312  0:000  12. [change SAT0 to SATA]: pattern 53415430, bin not found / already patched!
42:312  0:000  Patch table: SSDT  SgPeg len=0xAE
42:312  0:000  0. [change OSID to XSID (to avoid match against _OSI XOSI patch)]: disabled
42:312  0:000  1. [change _OSI to XOSI]: pattern 5F4F5349, bin not found / already patched!
42:312  0:000  2. [change _DSM to XDSM]: pattern 5F44534D, bin not found / already patched!
42:312  0:000  3. [change EC0 to EC]: pattern 4543305F, bin not found / already patched!
42:312  0:000  4. [change H_EC to EC]: disabled
42:312  0:000  5. [change ECDV to EC]: disabled
42:312  0:000  6. [change HDAS to HDEF]: pattern 48444153, bin not found / already patched!
42:312  0:000  7. [change HECI to IMEI]: pattern 48454349, bin not found / already patched!
42:312  0:000  8. [change MEI to IMEI]: pattern 4D45495F, bin not found / already patched!
42:312  0:000  9. [change GFX0 to IGPU]: pattern 47465830, bin not found / already patched!
42:312  0:000  10. [change PCI0.VID to IGPU #1 (Thinkpad)]: pattern 50434930, bin not found / already patched!
42:312  0:000  11. [change PCI0.VID to IGPU #2 (Thinkpad)]: pattern 5649445F, bin not found / already patched!
42:312  0:000  12. [change SAT0 to SATA]: pattern 53415430, bin not found / already patched!
42:312  0:000  Patch table: SSDT  OptTabl len=0x62A6
42:312  0:000  0. [change OSID to XSID (to avoid match against _OSI XOSI patch)]: disabled
42:312  0:000  1. [change _OSI to XOSI]: pattern 5F4F5349, patched at: [ (5544) ]
42:312  0:000  2. [change _DSM to XDSM]: pattern 5F44534D, patched at: [ (85) (37F9) (299C) (41) (11) ]
42:312  0:000  3. [change EC0 to EC]: pattern 4543305F, patched at: [ (1CB) (16) (16) (41) (16) (2AF) (F9) (46A) (2E63) (16) (52) (862) (58D) (72E) (16) (107) (B1) (16) (32E) (83) (314) (16) (7F1) ]
42:312  0:000  4. [change H_EC to EC]: disabled
42:312  0:000  5. [change ECDV to EC]: disabled
42:312  0:000  6. [change HDAS to HDEF]: pattern 48444153, bin not found / already patched!
42:312  0:000  7. [change HECI to IMEI]: pattern 48454349, bin not found / already patched!
42:312  0:000  8. [change MEI to IMEI]: pattern 4D45495F, bin not found / already patched!
42:312  0:000  9. [change GFX0 to IGPU]: pattern 47465830, patched at: [ (55) (28) (4231) (91) (518) (19F8) (11) ]
42:312  0:000  10. [change PCI0.VID to IGPU #1 (Thinkpad)]: pattern 50434930, bin not found / already patched!
42:312  0:000  11. [change PCI0.VID to IGPU #2 (Thinkpad)]: pattern 5649445F, bin not found / already patched!
42:312  0:000  12. [change SAT0 to SATA]: pattern 53415430, bin not found / already patched!
42:312  0:000  Drop tables from Xsdt, SIGN=XXXX TableID= Length=0
42:312  0:000   Xsdt has tables count=26
42:312  0:000  === [ ACPIPatchedAML ] ====================================
42:312  0:000  Unsorted
42:312  0:000  Inserting SSDT-PRW.aml from EFI\CLOVER\ACPI\patched ... Success
42:315  0:003  Inserting SSDT-XOSI.aml from EFI\CLOVER\ACPI\patched ... Success
42:318  0:002  Inserting SSDT-UIAC.aml from EFI\CLOVER\ACPI\patched ... Success
42:321  0:003  Inserting SSDT-SMBUS.aml from EFI\CLOVER\ACPI\patched ... Success
42:323  0:002  Inserting SSDT-SATA.aml from EFI\CLOVER\ACPI\patched ... Success
42:325  0:002  Inserting SSDT-PNLF.aml from EFI\CLOVER\ACPI\patched ... Success
42:327  0:002  Inserting ssdt.aml from EFI\CLOVER\ACPI\patched ... Success
42:330  0:002  Inserting SSDT-PluginType1.aml from EFI\CLOVER\ACPI\patched ... Success
42:332  0:002  Inserting SSDT-IGPU.aml from EFI\CLOVER\ACPI\patched ... Success
42:335  0:003  Inserting SSDT-FN.aml from EFI\CLOVER\ACPI\patched ... Success
42:337  0:002  Inserting SSDT-Disable_DGPU.aml from EFI\CLOVER\ACPI\patched ... Success
42:340  0:003  Inserting SSDT-EN0.aml from EFI\CLOVER\ACPI\patched ... Success
42:342  0:002  Inserting SSDT-ALC295.aml from EFI\CLOVER\ACPI\patched ... Success
42:345  0:003  Inserting SSDT-Config.aml from EFI\CLOVER\ACPI\patched ... Success
42:348  0:003  Inserting SSDT-LPC.aml from EFI\CLOVER\ACPI\patched ... Success
42:350  0:002  Inserting SSDT-XHC.aml from EFI\CLOVER\ACPI\patched ... Success
42:354  0:003  Inserting SSDT-HDEF.aml from EFI\CLOVER\ACPI\patched ... Success
42:356  0:002  CPUBase=0 and ApicCPUBase=1 ApicCPUNum=1
42:356  0:000  === [ RestSetup macOS ] ===================================
42:356  0:000  EdidDiscovered size=128
42:356  0:000  Inject EDID
42:356  0:000    Use Custom EDID
42:356  0:000  ------- Custom EDID Table
42:356  0:000  000  |  00  FF  FF  FF  FF  FF  FF  00  06  AF
42:356  0:000  010  |  9D  10  00  00  00  00  01  19  01  04
42:356  0:000  020  |  95  26  15  78  02  D2  95  A3  56  52
42:356  0:000  030  |  9D  27  0B  50  54  00  00  00  01  01
42:356  0:000  040  |  01  01  01  01  01  01  01  01  01  01
42:356  0:000  050  |  01  01  01  01  FA  37  80  DC  70  38
42:356  0:000  060  |  24  40  10  10  3E  00  7D  D6  10  00
42:356  0:000  070  |  00  1A  D8  2C  80  DC  70  38  24  40
42:356  0:000  080  |  10  10  3E  00  7D  D6  10  00  00  1A
42:356  0:000  090  |  00  00  00  FE  00  59  31  34  37  54
42:356  0:000  100  |  80  42  31  37  33  48  41  4E  00  00
42:356  0:000  110  |  00  00  00  01  41  21  9E  00  10  00
42:356  0:000  120  |  00  0A  01  0A  20  20  00  6A
42:356  0:000      VendorID  = 0x06AF
42:356  0:000      ProductID = 0x109D
42:356  0:000  ------- New Custom EDID Table
42:356  0:000  000  |  00  FF  FF  FF  FF  FF  FF  00  AF  06
42:356  0:000  010  |  9D  10  00  00  00  00  01  19  01  04
42:356  0:000  020  |  95  26  15  78  02  D2  95  A3  56  52
42:356  0:000  030  |  9D  27  0B  50  54  00  00  00  01  01
42:356  0:000  040  |  01  01  01  01  01  01  01  01  01  01
42:356  0:000  050  |  01  01  01  01  FA  37  80  DC  70  38
42:356  0:000  060  |  24  40  10  10  3E  00  7D  D6  10  00
42:356  0:000  070  |  00  1A  D8  2C  80  DC  70  38  24  40
42:356  0:000  080  |  10  10  3E  00  7D  D6  10  00  00  1A
42:356  0:000  090  |  00  00  00  FE  00  59  31  34  37  54
42:356  0:000  100  |  80  42  31  37  33  48  41  4E  00  00
42:356  0:000  110  |  00  00  00  01  41  21  9E  00  10  00
42:356  0:000  120  |  00  0A  01  0A  20  20  00  6A
42:356  0:000  NVidia GFX injection not set
42:356  0:000  Intel GFX injection not set
42:356  0:000   RCBA disabled; cannot use it
42:370  0:013   codec not detected
42:370  0:000  stringlength = 1050
42:370  0:000  CurrentMode: Width=1920 Height=1080
42:370  0:000  Beginning FSInjection
FSInjectionInstall ...
- Our FSI_SIMPLE_FILE_SYSTEM_PROTOCOL installed on handle: 64CA2C58
FSInjectionInstall ...
- Our FSI_SIMPLE_FILE_SYSTEM_PROTOCOL installed on handle: 64CA2C58
42:382  0:012  Use origin smbios table type 1 guid.
42:406  0:024    Force kext: System\Library\Extensions\IONetworkingFamily.kext
42:511  0:105      Force PlugIn kext: System\Library\Extensions\IONetworkingFamily.kext\Contents\PlugIns\nvenet.kext
42:548  0:036      Force PlugIn kext: System\Library\Extensions\IONetworkingFamily.kext\Contents\PlugIns\AppleBCM5701Ethernet.kext
42:586  0:038      Force PlugIn kext: System\Library\Extensions\IONetworkingFamily.kext\Contents\PlugIns\AppleIntelI210Ethernet.kext
42:625  0:039      Force PlugIn kext: System\Library\Extensions\IONetworkingFamily.kext\Contents\PlugIns\Intel82574L.kext
42:661  0:035      Force PlugIn kext: System\Library\Extensions\IONetworkingFamily.kext\Contents\PlugIns\IOEthernetAVBController.kext
42:696  0:034      Force PlugIn kext: System\Library\Extensions\IONetworkingFamily.kext\Contents\PlugIns\AppleYukon2.kext
42:736  0:039      Force PlugIn kext: System\Library\Extensions\IONetworkingFamily.kext\Contents\PlugIns\AppleIntel8254XEthernet.kext
42:772  0:035      Force PlugIn kext: System\Library\Extensions\IONetworkingFamily.kext\Contents\PlugIns\AppleVmxnet3Ethernet.kext
42:807  0:035      Force PlugIn kext: System\Library\Extensions\IONetworkingFamily.kext\Contents\PlugIns\mDNSOffloadUserClient.kext
42:842  0:034  Preparing kexts injection for arch=x86_64 from EFI\CLOVER\kexts\Other
42:842  0:000  Extra kext: EFI\CLOVER\kexts\Other\VoodooTSCSync.kext
42:849  0:007  Extra kext: EFI\CLOVER\kexts\Other\VoodooPS2Controller.kext
42:856  0:006    |-- PlugIn kext: EFI\CLOVER\kexts\Other\VoodooPS2Controller.kext\Contents\PlugIns\VoodooPS2Trackpad.kext
42:868  0:011    |-- PlugIn kext: EFI\CLOVER\kexts\Other\VoodooPS2Controller.kext\Contents\PlugIns\VoodooPS2Mouse.kext
42:875  0:006    |-- PlugIn kext: EFI\CLOVER\kexts\Other\VoodooPS2Controller.kext\Contents\PlugIns\VoodooPS2Keyboard.kext
42:895  0:020  Extra kext: EFI\CLOVER\kexts\Other\USBInjectAll.kext
43:019  0:124  Extra kext: EFI\CLOVER\kexts\Other\RT2870USBWirelessDriver.kext
43:106  0:086  Extra kext: EFI\CLOVER\kexts\Other\Lilu.kext
43:115  0:008  Extra kext: EFI\CLOVER\kexts\Other\IntelGraphicsFixup.kext
43:123  0:008  Extra kext: EFI\CLOVER\kexts\Other\FakeSMC.kext
43:141  0:018  Extra kext: EFI\CLOVER\kexts\Other\FakeSMC_LPCSensors.kext
43:206  0:065  Extra kext: EFI\CLOVER\kexts\Other\FakeSMC_GPUSensors.kext
43:219  0:013  Extra kext: EFI\CLOVER\kexts\Other\FakeSMC_CPUSensors.kext
43:228  0:009  Extra kext: EFI\CLOVER\kexts\Other\FakeSMC_ACPISensors.kext
43:245  0:017  Extra kext: EFI\CLOVER\kexts\Other\CodecCommander.kext
43:266  0:020  Extra kext: EFI\CLOVER\kexts\Other\AtherosE2200Ethernet.kext
43:278  0:011  Extra kext: EFI\CLOVER\kexts\Other\AppleALC.kext
43:290  0:011    |-- PlugIn kext: EFI\CLOVER\kexts\Other\AppleALC.kext\Contents\PlugIns\PinConfigs.kext
43:297  0:007  Extra kext: EFI\CLOVER\kexts\Other\ACPIBatteryManager.kext
43:311  0:013  Extra kext: EFI\CLOVER\kexts\Other\VoodooTSCSync.kext
43:320  0:009  Extra kext: EFI\CLOVER\kexts\Other\VoodooPS2Controller.kext
43:335  0:014    |-- PlugIn kext: EFI\CLOVER\kexts\Other\VoodooPS2Controller.kext\Contents\PlugIns\VoodooPS2Trackpad.kext
43:366  0:030    |-- PlugIn kext: EFI\CLOVER\kexts\Other\VoodooPS2Controller.kext\Contents\PlugIns\VoodooPS2Mouse.kext
43:380  0:014    |-- PlugIn kext: EFI\CLOVER\kexts\Other\VoodooPS2Controller.kext\Contents\PlugIns\VoodooPS2Keyboard.kext
43:417  0:037  Extra kext: EFI\CLOVER\kexts\Other\USBInjectAll.kext
43:717  0:299  Extra kext: EFI\CLOVER\kexts\Other\RT2870USBWirelessDriver.kext
43:852  0:135  Extra kext: EFI\CLOVER\kexts\Other\Lilu.kext
43:862  0:009  Extra kext: EFI\CLOVER\kexts\Other\IntelGraphicsFixup.kext
43:871  0:009  Extra kext: EFI\CLOVER\kexts\Other\FakeSMC.kext
43:884  0:013  Extra kext: EFI\CLOVER\kexts\Other\FakeSMC_LPCSensors.kext
43:971  0:086  Extra kext: EFI\CLOVER\kexts\Other\FakeSMC_GPUSensors.kext
43:983  0:011  Extra kext: EFI\CLOVER\kexts\Other\FakeSMC_CPUSensors.kext
43:992  0:008  Extra kext: EFI\CLOVER\kexts\Other\FakeSMC_ACPISensors.kext
44:004  0:012  Extra kext: EFI\CLOVER\kexts\Other\CodecCommander.kext
44:017  0:012  Extra kext: EFI\CLOVER\kexts\Other\AtherosE2200Ethernet.kext
44:027  0:009  Extra kext: EFI\CLOVER\kexts\Other\AppleALC.kext
44:036  0:009    |-- PlugIn kext: EFI\CLOVER\kexts\Other\AppleALC.kext\Contents\PlugIns\PinConfigs.kext
44:042  0:005  Extra kext: EFI\CLOVER\kexts\Other\ACPIBatteryManager.kext
44:052  0:010  Extra kext: EFI\CLOVER\kexts\Other\VoodooTSCSync.kext
44:062  0:009  Extra kext: EFI\CLOVER\kexts\Other\VoodooPS2Controller.kext
44:077  0:014    |-- PlugIn kext: EFI\CLOVER\kexts\Other\VoodooPS2Controller.kext\Contents\PlugIns\VoodooPS2Trackpad.kext
44:107  0:030    |-- PlugIn kext: EFI\CLOVER\kexts\Other\VoodooPS2Controller.kext\Contents\PlugIns\VoodooPS2Mouse.kext
44:122  0:014    |-- PlugIn kext: EFI\CLOVER\kexts\Other\VoodooPS2Controller.kext\Contents\PlugIns\VoodooPS2Keyboard.kext
44:159  0:037  Extra kext: EFI\CLOVER\kexts\Other\USBInjectAll.kext
44:459  0:299  Extra kext: EFI\CLOVER\kexts\Other\RT2870USBWirelessDriver.kext
44:594  0:135  Extra kext: EFI\CLOVER\kexts\Other\Lilu.kext
44:604  0:009  Extra kext: EFI\CLOVER\kexts\Other\IntelGraphicsFixup.kext
44:613  0:008  Extra kext: EFI\CLOVER\kexts\Other\FakeSMC.kext
44:627  0:013  Extra kext: EFI\CLOVER\kexts\Other\FakeSMC_LPCSensors.kext
44:714  0:086  Extra kext: EFI\CLOVER\kexts\Other\FakeSMC_GPUSensors.kext
44:725  0:011  Extra kext: EFI\CLOVER\kexts\Other\FakeSMC_CPUSensors.kext
44:734  0:009  Extra kext: EFI\CLOVER\kexts\Other\FakeSMC_ACPISensors.kext
44:747  0:012  Extra kext: EFI\CLOVER\kexts\Other\CodecCommander.kext
44:760  0:012  Extra kext: EFI\CLOVER\kexts\Other\AtherosE2200Ethernet.kext
44:770  0:010  Extra kext: EFI\CLOVER\kexts\Other\AppleALC.kext
44:779  0:009    |-- PlugIn kext: EFI\CLOVER\kexts\Other\AppleALC.kext\Contents\PlugIns\PinConfigs.kext
44:785  0:005  Extra kext: EFI\CLOVER\kexts\Other\ACPIBatteryManager.kext
44:795  0:010  Extra kext: EFI\CLOVER\kexts\Other\VoodooTSCSync.kext
44:805  0:009  Extra kext: EFI\CLOVER\kexts\Other\VoodooPS2Controller.kext
44:820  0:014    |-- PlugIn kext: EFI\CLOVER\kexts\Other\VoodooPS2Controller.kext\Contents\PlugIns\VoodooPS2Trackpad.kext
44:851  0:030    |-- PlugIn kext: EFI\CLOVER\kexts\Other\VoodooPS2Controller.kext\Contents\PlugIns\VoodooPS2Mouse.kext
44:865  0:014    |-- PlugIn kext: EFI\CLOVER\kexts\Other\VoodooPS2Controller.kext\Contents\PlugIns\VoodooPS2Keyboard.kext
44:902  0:037  Extra kext: EFI\CLOVER\kexts\Other\USBInjectAll.kext
45:202  0:299  Extra kext: EFI\CLOVER\kexts\Other\RT2870USBWirelessDriver.kext
45:337  0:135  Extra kext: EFI\CLOVER\kexts\Other\Lilu.kext
45:346  0:009  Extra kext: EFI\CLOVER\kexts\Other\IntelGraphicsFixup.kext
45:355  0:009  Extra kext: EFI\CLOVER\kexts\Other\FakeSMC.kext
45:369  0:013  Extra kext: EFI\CLOVER\kexts\Other\FakeSMC_LPCSensors.kext
45:456  0:086  Extra kext: EFI\CLOVER\kexts\Other\FakeSMC_GPUSensors.kext
45:468  0:011  Extra kext: EFI\CLOVER\kexts\Other\FakeSMC_CPUSensors.kext
45:477  0:009  Extra kext: EFI\CLOVER\kexts\Other\FakeSMC_ACPISensors.kext
45:490  0:012  Extra kext: EFI\CLOVER\kexts\Other\CodecCommander.kext
45:502  0:012  Extra kext: EFI\CLOVER\kexts\Other\AtherosE2200Ethernet.kext
45:512  0:009  Extra kext: EFI\CLOVER\kexts\Other\AppleALC.kext
45:522  0:009    |-- PlugIn kext: EFI\CLOVER\kexts\Other\AppleALC.kext\Contents\PlugIns\PinConfigs.kext
45:527  0:005  Extra kext: EFI\CLOVER\kexts\Other\ACPIBatteryManager.kext
45:545  0:017  Custom boot screen not used because entry has unset use graphics
45:545  0:000  Closing log
