0:100  0:100  MemLog inited, TSC freq: 2494332635
0:100  0:000  
0:100  0:000  Now is 3.9.2017,  15:57:50 (GMT)
0:100  0:000  Starting Clover revision: 4184 on American Megatrends EFI
0:100  0:000  Build with: [Args: -D NO_GRUB_DRIVERS_EMBEDDED | -D NO_GRUB_DRIVERS_EMBEDDED -D USE_LOW_EBDA -a X64 -b RELEASE -t XCODE5 -n 5 | OS: 10.12.6 | XCODE: 8.3.3]
0:100  0:000  SelfDevicePath=PciRoot(0x0)\Pci(0x1F,0x2)\Sata(0x0,0xFFFF,0x0)\HD(1,GPT,FDD3DA06-1135-4093-87CD-15D134B0BA3A,0x800,0x320000) @68392898
0:100  0:000  SelfDirPath = \EFI\CLOVER
0:100  0:000  === [ Get Smbios ] ========================================
0:100  0:000  Type 16 Index = 0
0:100  0:000  Total Memory Slots Count = 4
0:100  0:000  Type 17 Index = 0
0:100  0:000  SmbiosTable.Type17->Speed = 1600MHz
0:100  0:000  SmbiosTable.Type17->Size = 4096MB
0:100  0:000  SmbiosTable.Type17->Bank/Device = BANK 0 ChannelA-DIMM0
0:100  0:000  SmbiosTable.Type17->Vendor = Samsung
0:100  0:000  SmbiosTable.Type17->SerialNumber = 64710DBC
0:100  0:000  SmbiosTable.Type17->PartNumber = M471B5273EB0-CK0  
0:100  0:000  Type 17 Index = 1
0:100  0:000  Ignoring insane frequency value 0MHz
0:100  0:000  SmbiosTable.Type17->Speed = 0MHz
0:100  0:000  SmbiosTable.Type17->Size = 0MB
0:100  0:000  SmbiosTable.Type17->Bank/Device = BANK 1 ChannelA-DIMM1
0:100  0:000  SmbiosTable.Type17->Vendor = <null string>
0:100  0:000  SmbiosTable.Type17->SerialNumber = <null string>
0:100  0:000  SmbiosTable.Type17->PartNumber = <null string>
0:100  0:000  Type 17 Index = 2
0:100  0:000  SmbiosTable.Type17->Speed = 1600MHz
0:100  0:000  SmbiosTable.Type17->Size = 4096MB
0:100  0:000  SmbiosTable.Type17->Bank/Device = BANK 2 ChannelB-DIMM0
0:100  0:000  SmbiosTable.Type17->Vendor = Samsung
0:100  0:000  SmbiosTable.Type17->SerialNumber = 64710E19
0:100  0:000  SmbiosTable.Type17->PartNumber = M471B5273EB0-CK0  
0:100  0:000  Type 17 Index = 3
0:100  0:000  Ignoring insane frequency value 0MHz
0:100  0:000  SmbiosTable.Type17->Speed = 0MHz
0:100  0:000  SmbiosTable.Type17->Size = 0MB
0:100  0:000  SmbiosTable.Type17->Bank/Device = BANK 3 ChannelB-DIMM1
0:100  0:000  SmbiosTable.Type17->Vendor = <null string>
0:100  0:000  SmbiosTable.Type17->SerialNumber = <null string>
0:100  0:000  SmbiosTable.Type17->PartNumber = <null string>
0:100  0:000  Boot status=0
0:100  0:000  Running on: '550P5C_550P7C' with board 'SAMSUNG_NP1234567890'
0:100  0:000  === [ GetCPUProperties ] ==================================
0:100  0:000  CPU Vendor = 756E6547 Model=306A9
0:100  0:000   The CPU supported SSE4.1
0:100  0:000   The CPU supported turbo
0:100  0:000  BrandString = Intel(R) Core(TM) i5-3210M CPU @ 2.50GHz
0:100  0:000  MSR 0xE2 before patch 1E008404
0:100  0:000  MSR 0xE2 is locked, PM patches will be turned on
0:100  0:000  MSR 0xCE              00080C10_E0011900
0:100  0:000  MSR 0x1A0             00850089
0:100  0:000  corrected FLEX_RATIO = 100000
0:100  0:000  MSR 0x1B0             00000000
0:100  0:000  FSBFrequency = 100 MHz, DMI FSBFrequency = 100 MHz, Corrected FSBFrequency = 100 MHz
0:100  0:000  MaxDiv/MinDiv: 25.0/12
0:100  0:000  Turbo: 29/29/29/31
0:100  0:000  Features: 0xBFEBFBFF
0:100  0:000  Threads: 4
0:100  0:000  Cores: 2
0:100  0:000  FSB: 100 MHz
0:100  0:000  CPU: 2500 MHz
0:100  0:000  TSC: 2500 MHz
0:100  0:000  PIS: 100 MHz
0:100  0:000  ExternalClock: 25 MHz
0:100  0:000  === [ GetDevices ] ========================================
0:100  0:000  PCI (00|00:00.00) : 8086 0154 class=060000
0:100  0:000  PCI (00|00:01.00) : 8086 0151 class=060400
0:100  0:000  PCI (00|01:00.00) : 10DE 0FD1 class=030000
0:100  0:000   - GFX: Model=Samsung GeForce GT 650M family E7 (Nvidia)
0:100  0:000  PCI (00|00:02.00) : 8086 0166 class=030000
0:100  0:000   - GFX: Model=Intel HD Graphics 4000 (Intel)
0:100  0:000  PCI (00|00:14.00) : 8086 1E31 class=0C0330
0:100  0:000  PCI (00|00:16.00) : 8086 1E3A class=078000
0:100  0:000  PCI (00|00:16.01) : FFFF FFFF class=FFFFFF
0:100  0:000  PCI (00|00:1A.00) : 8086 1E2D class=0C0320
0:100  0:000  PCI (00|00:1B.00) : 8086 1E20 class=040300
0:100  0:000  PCI (00|00:1C.00) : 8086 1E10 class=060400
0:100  0:000  PCI (00|02:00.00) : 8086 088E class=028000
0:100  0:000   - WIFI: Vendor=Intel
0:100  0:000  PCI (00|00:1C.03) : 8086 1E16 class=060400
0:100  0:000  PCI (00|03:00.00) : 10EC 8168 class=020000
0:100  0:000   - LAN: 0 Vendor=Realtek
0:100  0:000  PCI (00|00:1D.00) : 8086 1E26 class=0C0320
0:100  0:000  PCI (00|00:1F.00) : 8086 1E59 class=060100
0:100  0:000  PCI (00|00:1F.02) : 8086 1E03 class=010601
0:100  0:000  PCI (00|00:1F.03) : 8086 1E22 class=0C0500
0:100  0:000  PCI (00|00:1F.06) : FFFF FFFF class=FFFFFF
0:100  0:000  === [ GetDefaultSettings ] ================================
0:100  0:000  Clover load options size = 0 bytes
0:105  0:004  EFI\CLOVER\config.plist loaded: Success
0:105  0:000  === [ GetListOfThemes ] ===================================
0:105  0:000  - [00]: 0
0:107  0:001  - [01]: 1
0:109  0:001  - [02]: 2
0:110  0:001  - [03]: 3
0:112  0:001  - [04]: alienware
0:114  0:001  - [05]: alienwareb
0:116  0:002  - [06]: alienwareblue
0:118  0:001  - [07]: alienwarewb
0:119  0:001  - [08]: alienwarewhite
0:121  0:001  - [09]: RANDOM
0:123  0:001  - [09]: ROCK
0:124  0:001  - [10]: SEA
0:126  0:001  - [11]: STAR
0:128  0:001  - [12]: EMBEDDED
0:130  0:002  === [ Found config plists ] ===============================
0:132  0:002  - configcc.plist
0:132  0:000  - config HD5500.plist
0:132  0:000  - config °,i7mã HD530.plist
0:132  0:000  - config-backup.plist
0:132  0:000  - config.plist
0:132  0:000  - config12ok.plist
0:132  0:000  - config4000.plist
0:132  0:000  - config„o, 2.plist
0:132  0:000  - configHD4600 HD4400 HD4200.plist
0:132  0:000  - confighdmiok.plist
0:132  0:000  - config_HD3000_1366x768.plist
0:132  0:000  - config_HD3000_1366x768_7series.plist
0:132  0:000  - config_HD3000_1600x900.plist
0:132  0:000  - config_HD3000_1600x900_7series.plist
0:132  0:000  - config_HD4000_1366x768.plist
0:132  0:000  - config_HD4000_1366x768_6series.plist
0:132  0:000  - config_HD4000_1600x900.plist
0:132  0:000  - config_HD4000_1600x900_6series.plist
0:132  0:000  - config_HD4600_4400_4200.plist
0:132  0:000  - config_HD5000_5100_5200.plist
0:132  0:000  - config_HD520_530_540.plist
0:132  0:000  - config_HD5300_5500_6000.plist
0:132  0:000  - config_HD550_P530.plist
0:132  0:000  - config_HD5600.plist
0:132  0:000  - config_HD615_620_630_640_650.plist
0:132  0:000  - config_patches.plist
0:132  0:000  - configï/(Webdriver.plist
0:132  0:000  - configLbHHD530.plist
0:132  0:000  - config„o,.plist
0:132  0:000  - config°,i5 hd530 hd520.plist
0:132  0:000  - configC.plist
0:132  0:000  === [ GetEarlyUserSettings ] ==============================
0:132  0:000  timeout set to 3
0:132  0:000  Custom boot CUSTOM_BOOT_DISABLED (0x0)
0:132  0:000  ForceKextsToLoad: 1 requested
0:132  0:000   - [0]: System\Library\Extensions\IONetworkingFamily.kext
0:132  0:000  KextsToPatch: 13 requested
0:132  0:000   - [00]: AppleHDA (269Patching 1984 with 10ec0269 codec) :: BinPatch :: data len: 4
0:132  0:000   - [01]: AppleHDA (Sound wake (MacPro) @chrome - applelife.ru) :: BinPatch :: data len: 8
0:132  0:000   - patch disabled at config
0:132  0:000   - [02]: AppleHDA (269Zeroing 1983 codec ) :: BinPatch :: data len: 4
0:132  0:000   - [03]: AppleIntelFramebufferCapri (HDMI-video, 64MB BIOS, HD4000 0x01660004 #2 of 2) :: BinPatch :: data len: 48
0:132  0:000   - [04]: AppleIntelFramebufferCapri (HDMI-audio HD4000 0x01660004, port 0304) :: BinPatch :: data len: 12
0:132  0:000   - patch disabled at config
0:132  0:000   - [05]: AppleIntelFramebufferCapri (t2-10.10-10.11-Capri-Port _0x7-HDMI2DP) :: BinPatch :: data len: 12
0:132  0:000   - patch disabled at config
0:132  0:000   - [06]: AppleIntelFramebufferCapri (HDMI-audio HD4000 0x01660004, port 0406) :: BinPatch :: data len: 12
0:132  0:000   - patch disabled at config
0:132  0:000   - [07]: AppleIntelFramebufferCapri (t2-10.10-10.11-Capri-Port _0x5-DP2HDMI) :: BinPatch :: data len: 12
0:132  0:000   - patch disabled at config
0:132  0:000   - [08]: AppleIntelFramebufferCapri (HDMI-video, 64MB BIOS, HD4000 0x01660004 #1 of 2) :: BinPatch :: data len: 12
0:132  0:000   - [09]: AppleIntelFramebufferCapri (HDMI-audio HD4000 0x01660004, port 0205) :: BinPatch :: data len: 12
0:132  0:000   - [10]: AppleUSBXHCIPCI (remove port limit) :: BinPatch :: data len: 7
0:132  0:000   - patch disabled at config
0:132  0:000   - [11]: com.apple.iokit.IOAHCIBlockStorage (Enable TRIM for SSD) :: BinPatch :: data len: 11
0:132  0:000   - [12]: com.apple.iokit.IOGraphicsFamily (Boot graphics glitch, 10.10.x/10.11.x (credit lisai9093, cecekpawon)) :: BinPatch :: data len: 5
0:132  0:000  KernelToPatch: 8 requested
0:132  0:000   - [00]: xcpm :: data len: 6
0:132  0:000   - [01]: MSR 0xE2 _xcpm_idle instant reboot(c) Pike R. Alpha :: data len: 8
0:132  0:000   - [02]: smt1 :: data len: 12
0:132  0:000   - [03]: smt2 :: data len: 11
0:132  0:000   - [04]: pkg :: data len: 12
0:132  0:000   - [05]: core :: data len: 12
0:132  0:000   - [06]: ret :: data len: 20
0:132  0:000   - [07]: msr :: data len: 7
0:132  0:000  Default theme: random
0:132  0:000  Hiding entries with string ALIENMACINS
0:132  0:000  Custom entry boot CUSTOM_BOOT_THEME (0x0)
0:133  0:000   Custom EDID is ok
0:133  0:000  === [ LoadDrivers ] =======================================
0:133  0:000  Loading AppleImageCodec-64.efi  status=Success
0:134  0:001  Loading AppleKeyAggregator-64.efi  status=Success
0:136  0:001  Loading AppleUITheme-64.efi  status=Success
0:137  0:001  Loading DataHubDxe-64.efi  status=Success
0:155  0:018  Loading Fat-64.efi  status=Success
0:157  0:001   - driver needs connecting
0:157  0:000  Loading FirmwareVolume-64.efi  status=Success
0:158  0:001  Loading FSInject-64.efi  status=Success
0:159  0:001  Loading OsxFatBinaryDrv-64.efi  status=Success
0:161  0:001  Loading PartitionDxe-64.efi  status=Success
0:162  0:001   - driver needs connecting
0:162  0:000  Loading SMCHelper-64.efi  status=Success
0:163  0:001  Loading VBoxHfs-64.efi  status=Success
0:165  0:001   - driver needs connecting
0:165  0:000  Loading APFS.EFI  status=Success
0:168  0:003   - driver needs connecting
0:168  0:000  Loading OsxAptioFixDrv256m-64.efi  status=Success
0:169  0:001  Loading NTFS.EFI  status=Success
0:170  0:001   - driver needs connecting
0:170  0:000  Loading HFSPlus.efi  status=Success
0:172  0:001   - driver needs connecting
0:172  0:000  6 drivers needs connecting ...
0:172  0:000  PlatformDriverOverrideProtocol->GetDriver overriden
0:172  0:000  Partition driver loaded: CD disconnect Success
0:172  0:000  HFS+ driver loaded
0:172  0:000  APFS driver loaded
0:172  0:000  Searching for invalid DiskIo BY_DRIVER connects: not found, all ok
1:708  1:536  === [ InitScreen ] ========================================
1:708  0:000  SetScreenResolution: 1600x900 - already set
1:708  0:000  Console modes reported: 3, available modes:
1:708  0:000   - [01]: 80x25 (current mode)
1:708  0:000   - [03]: 100x31
1:708  0:000  reinit: self device path=PciRoot(0x0)\Pci(0x1F,0x2)\Sata(0x0,0xFFFF,0x0)\HD(1,GPT,FDD3DA06-1135-4093-87CD-15D134B0BA3A,0x800,0x320000)
1:708  0:000  === [ GetMacAddress ] =====================================
1:708  0:000  MAC address of LAN #0= 50:B7:C3:05:EB:CF:
1:708  0:000  === [ ScanSPD ] ===========================================
1:709  0:000  SMBus device : 8086 1E22 class=0C0500 status=Success
1:709  0:000  SMBus CmdReg: 0x3
1:709  0:000  Scanning SMBus [8086:1E22], mmio: 0xF7915004, ioport: 0xF040, hostc: 0x1
1:709  0:000  Slots to scan [8]...
1:709  0:000  SPD[0]: Type 11 @0x50
1:727  0:018  DDR speed 1600MHz
1:727  0:000  Slot: 0 Type 24 4096MB 1600MHz Vendor=Samsung PartNo=M471B5273EB0-CK0 SerialNo=06040701000D0B0C
1:728  0:000  SPD[2]: Type 11 @0x52
1:746  0:018  DDR speed 1600MHz
1:746  0:000  Slot: 2 Type 24 4096MB 1600MHz Vendor=Samsung PartNo=M471B5273EB0-CK0 SerialNo=06040701000E0109
1:747  0:000  === [ GetAcpiTablesList ] =================================
1:747  0:000  Get Acpi Tables List from RSDT:
1:747  0:000   - [00]: FACP  LH43STAR len=132
1:747  0:000   - [01]: APIC  LH43STAR len=114
1:747  0:000   - [02]: FPDT  LH43STAR len=68
1:747  0:000   - [03]: MCFG  LH43STAR len=60
1:747  0:000   - [04]: MSDM  LH43STAR len=85
1:747  0:000   - [05]: HPET  LH43STAR len=56
1:747  0:000   - [06]: SSDT  SataTabl len=789
1:747  0:000   - [07]: SSDT  Cpu0Ist len=2432
1:747  0:000   - [08]: SSDT  CpuPm len=2830
1:747  0:000   - [09]: BGRT  LH43STAR len=56
1:747  0:000   - [10]: SSDT  SgTabl len=2019
1:747  0:000   - [11]: SSDT  OptTabl len=5422
1:747  0:000  Calibrated TSC Frequency = 2494332635 = 2494MHz
1:747  0:000  === [ GetUserSettings ] ===================================
1:747  0:000   Custom EDID is ok
1:747  0:000  USB FixOwnership: no
1:747  0:000   - final DSDT Fix mask=00000000
1:747  0:000  ResetAddr: 0xCF9
1:747  0:000  Calc ResetVal: 0x6
1:747  0:000  ResetVal: 0x6
1:747  0:000  Using ProductName from config
1:747  0:000  ProductName: MacBookPro9,2
1:747  0:000  Found same BiosVersion in clover and config
1:747  0:000  BiosVersion: MBP91.88Z.00D7.B00.1708080744
1:747  0:000  BiosReleaseDate: 08/08/2017
1:747  0:000  Found same FirmwareFeatures in clover and config
1:747  0:000  FirmwareFeatures: 0xC00DE137
1:747  0:000  Found same FirmwareFeaturesMask in clover and config
1:747  0:000  FirmwareFeaturesMask: 0xFF1FFF3F
1:747  0:000  Using PlatformFeature from clover
1:747  0:000  PlatformFeature: 0xFFFF
1:747  0:000  BoardType: 0xA
1:747  0:000  ChassisType: 0xA
1:747  0:000  Converted CustomUUID 9274CF0B-0B4E-46B0-82FD-BDEB110D5F93
1:750  0:002  === [ ScanVolumes ] =======================================
1:750  0:000  Found 20 volumes with blockIO
1:750  0:000  - [00]: Volume: PciRoot(0x0)\Pci(0x1D,0x0)\USB(0x1,0x0)\USB(0x4,0x0)
1:751  0:000          Result of bootcode detection: bootable unknown (legacy)
1:751  0:000          USB volume
1:751  0:000          USB volume
1:751  0:000  - [01]: Volume: PciRoot(0x0)\Pci(0x1D,0x0)\USB(0x1,0x0)\USB(0x4,0x0)\HD(1,MBR,0xDA84F6D6,0x800,0x240A5800)
1:752  0:000          USB volume
1:752  0:000          USB volume
1:752  0:000  - [02]: Volume: PciRoot(0x0)\Pci(0x1D,0x0)\USB(0x1,0x0)\USB(0x4,0x0)\HD(2,MBR,0xDA84F6D6,0x240A6000,0x1387800)
1:753  0:001          Result of bootcode detection: bootable unknown (legacy)
1:753  0:000          USB volume
1:753  0:000          USB volume
1:753  0:000  - [03]: Volume: PciRoot(0x0)\Pci(0x1F,0x2)\Sata(0x0,0xFFFF,0x0)
1:753  0:000  - [04]: Volume: PciRoot(0x0)\Pci(0x1F,0x2)\Sata(0x2,0xFFFF,0x0)
1:753  0:000          Found optical drive
1:753  0:000  - [05]: Volume: PciRoot(0x0)\Pci(0x1F,0x2)\Sata(0x3,0xFFFF,0x0)
1:757  0:004  - [06]: Volume: PciRoot(0x0)\Pci(0x1F,0x2)\Sata(0x0,0xFFFF,0x0)\HD(1,GPT,FDD3DA06-1135-4093-87CD-15D134B0BA3A,0x800,0x320000)
1:758  0:000          Result of bootcode detection: bootable Windows (win)
1:763  0:005          This is SelfVolume !!
1:763  0:000  - [07]: Volume: PciRoot(0x0)\Pci(0x1F,0x2)\Sata(0x0,0xFFFF,0x0)\HD(2,GPT,4394CE8C-5A91-4154-B16B-54DD710B341F,0x321000,0x8C000)
1:764  0:000  - [08]: Volume: PciRoot(0x0)\Pci(0x1F,0x2)\Sata(0x0,0xFFFF,0x0)\HD(3,GPT,9FB70C9A-A136-4ED0-9988-1C9A96204A95,0x3AD800,0xC4B7000)
1:765  0:000          Result of bootcode detection: bootable Windows (vista,win)
1:765  0:000  - [09]: Volume: PciRoot(0x0)\Pci(0x1F,0x2)\Sata(0x0,0xFFFF,0x0)\HD(4,GPT,0B830CC7-81CB-4D79-8158-EA217CA5BC35,0xC864800,0xC6C98E0)
1:765  0:000  - [10]: Volume: PciRoot(0x0)\Pci(0x1F,0x2)\Sata(0x0,0xFFFF,0x0)\HD(5,GPT,B5EF909F-32F8-459E-B8F5-40E9CEB47047,0x18F2E0E0,0x135F20)
1:766  0:000  - [11]: Volume: PciRoot(0x0)\Pci(0x1F,0x2)\Sata(0x0,0xFFFF,0x0)\HD(6,GPT,E5C996FB-4A84-4E83-8CE3-CA4D35EBC979,0x19064000,0xBDA800)
1:766  0:000  - [12]: Volume: PciRoot(0x0)\Pci(0x1F,0x2)\Sata(0x0,0xFFFF,0x0)\HD(7,GPT,BD3EBC18-0981-40E7-B1F7-0CC48F0A460B,0x19C7E800,0x3F3C288)
1:767  0:000          Result of bootcode detection: bootable unknown (legacy)
1:767  0:000  - [13]: Volume: PciRoot(0x0)\Pci(0x1F,0x2)\Sata(0x0,0xFFFF,0x0)\HD(8,GPT,372107BF-FFBD-467F-A428-5DB0E4715519,0x1DBBAA88,0x138800)
1:768  0:000  - [14]: Volume: PciRoot(0x0)\Pci(0x1F,0x2)\Sata(0x3,0xFFFF,0x0)\HD(1,GPT,D2CB7A5B-34D5-4C43-A6A8-3DA46A534D16,0x22,0x40000)
1:768  0:000  - [15]: Volume: PciRoot(0x0)\Pci(0x1F,0x2)\Sata(0x3,0xFFFF,0x0)\HD(2,GPT,ABD19B82-49A0-4917-A9ED-6CBE79E53C29,0x40800,0x57505800)
1:774  0:006          Result of bootcode detection: bootable Windows (vista,win)
1:774  0:000  - [16]: Volume: PciRoot(0x0)\Pci(0x1F,0x2)\Sata(0x0,0xFFFF,0x0)\HD(7,GPT,BD3EBC18-0981-40E7-B1F7-0CC48F0A460B,0x19C7E800,0x3F3C288)\VenMedia(BE74FCF7-0B7C-49F3-9147-01F4042E6842,575F1210BD8CBC4E808EA6055FE08E68)
1:774  0:000  - [17]: Volume: PciRoot(0x0)\Pci(0x1F,0x2)\Sata(0x0,0xFFFF,0x0)\HD(7,GPT,BD3EBC18-0981-40E7-B1F7-0CC48F0A460B,0x19C7E800,0x3F3C288)\VenMedia(BE74FCF7-0B7C-49F3-9147-01F4042E6842,EE398CD74722814F98C0BD22756DFAAA)
1:774  0:000  - [18]: Volume: PciRoot(0x0)\Pci(0x1F,0x2)\Sata(0x0,0xFFFF,0x0)\HD(7,GPT,BD3EBC18-0981-40E7-B1F7-0CC48F0A460B,0x19C7E800,0x3F3C288)\VenMedia(BE74FCF7-0B7C-49F3-9147-01F4042E6842,9BC537E94A07C7419920D87BE2673980)
1:774  0:000  - [19]: Volume: PciRoot(0x0)\Pci(0x1F,0x2)\Sata(0x0,0xFFFF,0x0)\HD(7,GPT,BD3EBC18-0981-40E7-B1F7-0CC48F0A460B,0x19C7E800,0x3F3C288)\VenMedia(BE74FCF7-0B7C-49F3-9147-01F4042E6842,9D5B15CD24931141B5A31AE4F9562C6A)
1:775  0:000  === [ InitTheme ] =========================================
1:778  0:003  Using theme '2' (EFI\CLOVER\themes\2)
1:778  0:000  OS main and drive as badge
1:781  0:002  Loading font from ThemeDir: Success
1:782  0:000  Choosing theme random
1:782  0:000  found boot-args in NVRAM:kext-dev-mode=1, size=16
1:782  0:000  ...found arg:kext-dev-mode=1
1:782  0:000  ...adding arg:kext-dev-mode=1
1:782  0:000  after NVRAM boot-args=nv_disable=1 kext-dev-mode=1 
1:782  0:000  === [ Dump SMC keys from NVRAM ] ==========================
1:782  0:000  found AppleSMC protocol
1:800  0:018  === [ AddCustomEntries ] ==================================
1:800  0:000  Custom entry 0 FullTitle:"Android" Path:"\EFI\RemixOS\grubx64.efi" Type:4 Flags:0x0 matching Volume:"HD(1,GPT,FDD3DA06-1135-4093-87CD-15D134B0BA3A,0x800,0x320000)"
1:800  0:000      Checking volume "uapple" (PciRoot(0x0)\Pci(0x1D,0x0)\USB(0x1,0x0)\USB(0x4,0x0)\HD(1,MBR,0xDA84F6D6,0x800,0x240A5800)) ... skipped because media is ignored
1:800  0:000      Checking volume "OS X Lazy Installer" (PciRoot(0x0)\Pci(0x1D,0x0)\USB(0x1,0x0)\USB(0x4,0x0)\HD(2,MBR,0xDA84F6D6,0x240A6000,0x1387800)) ... skipped because media is ignored
1:800  0:000      Checking volume "EFI" (PciRoot(0x0)\Pci(0x1F,0x2)\Sata(0x0,0xFFFF,0x0)\HD(1,GPT,FDD3DA06-1135-4093-87CD-15D134B0BA3A,0x800,0x320000)) ... match!
1:805  0:004  not png, try icns
1:805  0:000          [!] Icon 19 (icons\vol_internal_ext3.icns) not found (path: EFI\CLOVER\themes\2)
1:806  0:000  not png, try icns
1:806  0:000  Custom settings: <null string>.plist will  be applied
1:806  0:000      Checking volume "Windows 10" (PciRoot(0x0)\Pci(0x1F,0x2)\Sata(0x0,0xFFFF,0x0)\HD(3,GPT,9FB70C9A-A136-4ED0-9988-1C9A96204A95,0x3AD800,0xC4B7000)) ... skipped
1:806  0:000      Checking volume "apple" (PciRoot(0x0)\Pci(0x1F,0x2)\Sata(0x0,0xFFFF,0x0)\HD(4,GPT,0B830CC7-81CB-4D79-8158-EA217CA5BC35,0xC864800,0xC6C98E0)) ... skipped
1:806  0:000      Checking volume "Recovery HD" (PciRoot(0x0)\Pci(0x1F,0x2)\Sata(0x0,0xFFFF,0x0)\HD(5,GPT,B5EF909F-32F8-459E-B8F5-40E9CEB47047,0x18F2E0E0,0x135F20)) ... skipped
1:806  0:000      Checking volume "Install macOS Sierra" (PciRoot(0x0)\Pci(0x1F,0x2)\Sata(0x0,0xFFFF,0x0)\HD(6,GPT,E5C996FB-4A84-4E83-8CE3-CA4D35EBC979,0x19064000,0xBDA800)) ... skipped
1:806  0:000      Checking volume "ALIENHD" (PciRoot(0x0)\Pci(0x1F,0x2)\Sata(0x3,0xFFFF,0x0)\HD(2,GPT,ABD19B82-49A0-4917-A9ED-6CBE79E53C29,0x40800,0x57505800)) ... skipped
1:806  0:000      Checking volume "Preboot" (PciRoot(0x0)\Pci(0x1F,0x2)\Sata(0x0,0xFFFF,0x0)\HD(7,GPT,BD3EBC18-0981-40E7-B1F7-0CC48F0A460B,0x19C7E800,0x3F3C288)\VenMedia(BE74FCF7-0B7C-49F3-9147-01F4042E6842,575F1210BD8CBC4E808EA6055FE08E68)) ... skipped
1:806  0:000      Checking volume "high" (PciRoot(0x0)\Pci(0x1F,0x2)\Sata(0x0,0xFFFF,0x0)\HD(7,GPT,BD3EBC18-0981-40E7-B1F7-0CC48F0A460B,0x19C7E800,0x3F3C288)\VenMedia(BE74FCF7-0B7C-49F3-9147-01F4042E6842,EE398CD74722814F98C0BD22756DFAAA)) ... skipped
1:806  0:000      Checking volume "Recovery" (PciRoot(0x0)\Pci(0x1F,0x2)\Sata(0x0,0xFFFF,0x0)\HD(7,GPT,BD3EBC18-0981-40E7-B1F7-0CC48F0A460B,0x19C7E800,0x3F3C288)\VenMedia(BE74FCF7-0B7C-49F3-9147-01F4042E6842,9BC537E94A07C7419920D87BE2673980)) ... skipped
1:806  0:000      Checking volume "VM" (PciRoot(0x0)\Pci(0x1F,0x2)\Sata(0x0,0xFFFF,0x0)\HD(7,GPT,BD3EBC18-0981-40E7-B1F7-0CC48F0A460B,0x19C7E800,0x3F3C288)\VenMedia(BE74FCF7-0B7C-49F3-9147-01F4042E6842,9D5B15CD24931141B5A31AE4F9562C6A)) ... skipped
1:806  0:000  Custom entry 1 FullTitle:"Windows" Path:"\EFI\Microsoft\Boot\bootmgfw.efi" Options:"-s -h" Type:7 Flags:0x0 matching Volume:"HD(1,GPT,FDD3DA06-1135-4093-87CD-15D134B0BA3A,0x800,0x320000)"
1:806  0:000      Checking volume "uapple" (PciRoot(0x0)\Pci(0x1D,0x0)\USB(0x1,0x0)\USB(0x4,0x0)\HD(1,MBR,0xDA84F6D6,0x800,0x240A5800)) ... skipped because media is ignored
1:806  0:000      Checking volume "OS X Lazy Installer" (PciRoot(0x0)\Pci(0x1D,0x0)\USB(0x1,0x0)\USB(0x4,0x0)\HD(2,MBR,0xDA84F6D6,0x240A6000,0x1387800)) ... skipped because media is ignored
1:806  0:000      Checking volume "EFI" (PciRoot(0x0)\Pci(0x1F,0x2)\Sata(0x0,0xFFFF,0x0)\HD(1,GPT,FDD3DA06-1135-4093-87CD-15D134B0BA3A,0x800,0x320000)) ... match!
1:812  0:006  not png, try icns
1:813  0:001  not png, try icns
1:813  0:000  Custom settings: <null string>.plist will  be applied
1:813  0:000      Checking volume "Windows 10" (PciRoot(0x0)\Pci(0x1F,0x2)\Sata(0x0,0xFFFF,0x0)\HD(3,GPT,9FB70C9A-A136-4ED0-9988-1C9A96204A95,0x3AD800,0xC4B7000)) ... skipped
1:813  0:000      Checking volume "apple" (PciRoot(0x0)\Pci(0x1F,0x2)\Sata(0x0,0xFFFF,0x0)\HD(4,GPT,0B830CC7-81CB-4D79-8158-EA217CA5BC35,0xC864800,0xC6C98E0)) ... skipped
1:813  0:000      Checking volume "Recovery HD" (PciRoot(0x0)\Pci(0x1F,0x2)\Sata(0x0,0xFFFF,0x0)\HD(5,GPT,B5EF909F-32F8-459E-B8F5-40E9CEB47047,0x18F2E0E0,0x135F20)) ... skipped
1:813  0:000      Checking volume "Install macOS Sierra" (PciRoot(0x0)\Pci(0x1F,0x2)\Sata(0x0,0xFFFF,0x0)\HD(6,GPT,E5C996FB-4A84-4E83-8CE3-CA4D35EBC979,0x19064000,0xBDA800)) ... skipped
1:813  0:000      Checking volume "ALIENHD" (PciRoot(0x0)\Pci(0x1F,0x2)\Sata(0x3,0xFFFF,0x0)\HD(2,GPT,ABD19B82-49A0-4917-A9ED-6CBE79E53C29,0x40800,0x57505800)) ... skipped
1:813  0:000      Checking volume "Preboot" (PciRoot(0x0)\Pci(0x1F,0x2)\Sata(0x0,0xFFFF,0x0)\HD(7,GPT,BD3EBC18-0981-40E7-B1F7-0CC48F0A460B,0x19C7E800,0x3F3C288)\VenMedia(BE74FCF7-0B7C-49F3-9147-01F4042E6842,575F1210BD8CBC4E808EA6055FE08E68)) ... skipped
1:813  0:000      Checking volume "high" (PciRoot(0x0)\Pci(0x1F,0x2)\Sata(0x0,0xFFFF,0x0)\HD(7,GPT,BD3EBC18-0981-40E7-B1F7-0CC48F0A460B,0x19C7E800,0x3F3C288)\VenMedia(BE74FCF7-0B7C-49F3-9147-01F4042E6842,EE398CD74722814F98C0BD22756DFAAA)) ... skipped
1:813  0:000      Checking volume "Recovery" (PciRoot(0x0)\Pci(0x1F,0x2)\Sata(0x0,0xFFFF,0x0)\HD(7,GPT,BD3EBC18-0981-40E7-B1F7-0CC48F0A460B,0x19C7E800,0x3F3C288)\VenMedia(BE74FCF7-0B7C-49F3-9147-01F4042E6842,9BC537E94A07C7419920D87BE2673980)) ... skipped
1:813  0:000      Checking volume "VM" (PciRoot(0x0)\Pci(0x1F,0x2)\Sata(0x0,0xFFFF,0x0)\HD(7,GPT,BD3EBC18-0981-40E7-B1F7-0CC48F0A460B,0x19C7E800,0x3F3C288)\VenMedia(BE74FCF7-0B7C-49F3-9147-01F4042E6842,9D5B15CD24931141B5A31AE4F9562C6A)) ... skipped
1:813  0:000  Custom entry 2 FullTitle:"Apple" Path:"\System\Library\CoreServices\boot.efi" Type:1 Flags:0x6 matching Volume:"HD(4,GPT,72D46751-E247-4A5B-A53C-D84FF401B15D,0xC864800,0xC6CA0E0)"
1:813  0:000      Checking volume "uapple" (PciRoot(0x0)\Pci(0x1D,0x0)\USB(0x1,0x0)\USB(0x4,0x0)\HD(1,MBR,0xDA84F6D6,0x800,0x240A5800)) ... skipped because media is ignored
1:813  0:000      Checking volume "OS X Lazy Installer" (PciRoot(0x0)\Pci(0x1D,0x0)\USB(0x1,0x0)\USB(0x4,0x0)\HD(2,MBR,0xDA84F6D6,0x240A6000,0x1387800)) ... skipped because media is ignored
1:813  0:000      Checking volume "EFI" (PciRoot(0x0)\Pci(0x1F,0x2)\Sata(0x0,0xFFFF,0x0)\HD(1,GPT,FDD3DA06-1135-4093-87CD-15D134B0BA3A,0x800,0x320000)) ... skipped
1:813  0:000      Checking volume "Windows 10" (PciRoot(0x0)\Pci(0x1F,0x2)\Sata(0x0,0xFFFF,0x0)\HD(3,GPT,9FB70C9A-A136-4ED0-9988-1C9A96204A95,0x3AD800,0xC4B7000)) ... skipped
1:813  0:000      Checking volume "apple" (PciRoot(0x0)\Pci(0x1F,0x2)\Sata(0x0,0xFFFF,0x0)\HD(4,GPT,0B830CC7-81CB-4D79-8158-EA217CA5BC35,0xC864800,0xC6C98E0)) ... skipped
1:813  0:000      Checking volume "Recovery HD" (PciRoot(0x0)\Pci(0x1F,0x2)\Sata(0x0,0xFFFF,0x0)\HD(5,GPT,B5EF909F-32F8-459E-B8F5-40E9CEB47047,0x18F2E0E0,0x135F20)) ... skipped
1:813  0:000      Checking volume "Install macOS Sierra" (PciRoot(0x0)\Pci(0x1F,0x2)\Sata(0x0,0xFFFF,0x0)\HD(6,GPT,E5C996FB-4A84-4E83-8CE3-CA4D35EBC979,0x19064000,0xBDA800)) ... skipped
1:813  0:000      Checking volume "ALIENHD" (PciRoot(0x0)\Pci(0x1F,0x2)\Sata(0x3,0xFFFF,0x0)\HD(2,GPT,ABD19B82-49A0-4917-A9ED-6CBE79E53C29,0x40800,0x57505800)) ... skipped
1:813  0:000      Checking volume "Preboot" (PciRoot(0x0)\Pci(0x1F,0x2)\Sata(0x0,0xFFFF,0x0)\HD(7,GPT,BD3EBC18-0981-40E7-B1F7-0CC48F0A460B,0x19C7E800,0x3F3C288)\VenMedia(BE74FCF7-0B7C-49F3-9147-01F4042E6842,575F1210BD8CBC4E808EA6055FE08E68)) ... skipped
1:813  0:000      Checking volume "high" (PciRoot(0x0)\Pci(0x1F,0x2)\Sata(0x0,0xFFFF,0x0)\HD(7,GPT,BD3EBC18-0981-40E7-B1F7-0CC48F0A460B,0x19C7E800,0x3F3C288)\VenMedia(BE74FCF7-0B7C-49F3-9147-01F4042E6842,EE398CD74722814F98C0BD22756DFAAA)) ... skipped
1:813  0:000      Checking volume "Recovery" (PciRoot(0x0)\Pci(0x1F,0x2)\Sata(0x0,0xFFFF,0x0)\HD(7,GPT,BD3EBC18-0981-40E7-B1F7-0CC48F0A460B,0x19C7E800,0x3F3C288)\VenMedia(BE74FCF7-0B7C-49F3-9147-01F4042E6842,9BC537E94A07C7419920D87BE2673980)) ... skipped
1:813  0:000      Checking volume "VM" (PciRoot(0x0)\Pci(0x1F,0x2)\Sata(0x0,0xFFFF,0x0)\HD(7,GPT,BD3EBC18-0981-40E7-B1F7-0CC48F0A460B,0x19C7E800,0x3F3C288)\VenMedia(BE74FCF7-0B7C-49F3-9147-01F4042E6842,9D5B15CD24931141B5A31AE4F9562C6A)) ... skipped
1:813  0:000  Custom entry 3 skipped because it is hidden.
1:813  0:000  === [ ScanLoader ] ========================================
1:813  0:000  - [01]: 'uapple'
1:817  0:003  not png, try icns
1:818  0:000  not png, try icns
1:818  0:000  not png, try icns
1:819  0:000  not png, try icns
1:820  0:000  not png, try icns
1:820  0:000  not png, try icns
1:821  0:000  not png, try icns
1:822  0:000  not png, try icns
1:822  0:000  not png, try icns
1:823  0:000  not png, try icns
1:823  0:000  not png, try icns
1:824  0:000  not png, try icns
1:825  0:000  not png, try icns
1:825  0:000  not png, try icns
1:825  0:000  - [02]: 'OS X Lazy Installer'
1:889  0:063          AddLoaderEntry for Volume Name=OS X Lazy Installer
1:889  0:000      Not match custom entry 3: Volume: not match, VolumeType: not match, Type: not match
1:912  0:023      Check if volume Is Hibernated:
1:912  0:000      Check sleep image 'by signature':
1:953  0:040      using default sleep image name = \private\var\vm\sleepimage
1:989  0:036      sleepimage not found -> Not Found
1:989  0:000      hibernated: no - sign
1:990  0:001  not png, try icns
1:991  0:000  not png, try icns
1:992  0:000  not png, try icns
1:992  0:000  not png, try icns
1:993  0:000  not png, try icns
1:994  0:000  not png, try icns
1:994  0:000  not png, try icns
1:995  0:000  not png, try icns
1:996  0:000  not png, try icns
1:996  0:000  not png, try icns
1:997  0:000  not png, try icns
1:997  0:000  not png, try icns
1:998  0:000  not png, try icns
1:999  0:000  not png, try icns
1:999  0:000  not png, try icns
2:000  0:000  not png, try icns
2:000  0:000  - [06]: 'EFI'
2:002  0:001          AddLoaderEntry for Volume Name=EFI
2:002  0:000       skipped because path `PciRoot(0x0)\Pci(0x1F,0x2)\Sata(0x0,0xFFFF,0x0)\HD(1,GPT,FDD3DA06-1135-4093-87CD-15D134B0BA3A,0x800,0x320000)\EFI\microsoft\Boot\bootmgfw.efii` already exists for another entry!
2:005  0:002  not png, try icns
2:005  0:000  not png, try icns
2:006  0:000  not png, try icns
2:006  0:000  not png, try icns
2:007  0:000  not png, try icns
2:008  0:000  not png, try icns
2:008  0:000  not png, try icns
2:009  0:000  not png, try icns
2:010  0:000  not png, try icns
2:010  0:000  not png, try icns
2:011  0:000  not png, try icns
2:011  0:000  not png, try icns
2:012  0:000  not png, try icns
2:013  0:000  not png, try icns
2:014  0:001  - [08]: 'Windows 10'
2:024  0:009  not png, try icns
2:025  0:001  not png, try icns
2:026  0:001  not png, try icns
2:027  0:001  not png, try icns
2:028  0:001  not png, try icns
2:029  0:001  not png, try icns
2:031  0:001  not png, try icns
2:032  0:001  not png, try icns
2:033  0:001  not png, try icns
2:034  0:001  not png, try icns
2:035  0:001  not png, try icns
2:036  0:001  not png, try icns
2:038  0:001  not png, try icns
2:039  0:001  not png, try icns
2:040  0:001  - [09]: 'apple'
2:048  0:008          AddLoaderEntry for Volume Name=apple
2:048  0:000      Not match custom entry 3: Volume: not match, VolumeType: match, Type: not match
2:051  0:002      Check if volume Is Hibernated:
2:051  0:000      Check sleep image 'by signature':
2:066  0:015      read prefs \Library\Preferences\com.apple.PowerManagement.plist status=Success
2:066  0:000      using default sleep image name = \private\var\vm\sleepimage
2:072  0:005      no valid sleep image offset was found
2:072  0:000       sleepimage offset could not be acquired
2:072  0:000      hibernated: no - sign
2:073  0:001  not png, try icns
2:073  0:000          [!] Icon 17 (icons\vol_internal_hfs.icns) not found (path: EFI\CLOVER\themes\2)
2:074  0:001  not png, try icns
2:075  0:000  not png, try icns
2:075  0:000  not png, try icns
2:076  0:000  not png, try icns
2:077  0:000  not png, try icns
2:077  0:000  not png, try icns
2:078  0:000  not png, try icns
2:079  0:000  not png, try icns
2:079  0:000  not png, try icns
2:080  0:000  not png, try icns
2:081  0:000  not png, try icns
2:081  0:000  not png, try icns
2:082  0:000  not png, try icns
2:082  0:000  not png, try icns
2:083  0:000  not png, try icns
2:083  0:000  - [10]: 'Recovery HD'
2:084  0:001          AddLoaderEntry for Volume Name=Recovery HD
2:084  0:000      Not match custom entry 3: Volume: not match, VolumeType: match, Type: match
2:086  0:001  not png, try icns
2:087  0:000  not png, try icns
2:087  0:000  not png, try icns
2:088  0:000  not png, try icns
2:088  0:000  not png, try icns
2:089  0:000  not png, try icns
2:090  0:000  not png, try icns
2:090  0:000  not png, try icns
2:091  0:000  not png, try icns
2:092  0:000  not png, try icns
2:092  0:000  not png, try icns
2:093  0:000  not png, try icns
2:093  0:000  not png, try icns
2:094  0:000  not png, try icns
2:095  0:000  not png, try icns
2:095  0:000  not png, try icns
2:095  0:000  - [11]: 'Install macOS Sierra'
2:098  0:002          AddLoaderEntry for Volume Name=Install macOS Sierra
2:098  0:000      Not match custom entry 3: Volume: not match, VolumeType: match, Type: not match
2:100  0:001  not png, try icns
2:101  0:000  not png, try icns
2:101  0:000  not png, try icns
2:102  0:000  not png, try icns
2:103  0:000  not png, try icns
2:103  0:000  not png, try icns
2:104  0:000  not png, try icns
2:104  0:000  not png, try icns
2:105  0:000  not png, try icns
2:106  0:000  not png, try icns
2:106  0:000  not png, try icns
2:107  0:000  not png, try icns
2:108  0:000  not png, try icns
2:108  0:000  not png, try icns
2:109  0:000  not png, try icns
2:109  0:000  - [15]: 'ALIENHD'
2:165  0:055  not png, try icns
2:166  0:001  not png, try icns
2:168  0:001  not png, try icns
2:170  0:001  not png, try icns
2:171  0:001  not png, try icns
2:173  0:001  not png, try icns
2:175  0:001  not png, try icns
2:176  0:001  not png, try icns
2:178  0:001  not png, try icns
2:180  0:001  not png, try icns
2:181  0:001  not png, try icns
2:183  0:001  not png, try icns
2:185  0:001  not png, try icns
2:187  0:001  not png, try icns
2:189  0:002  - [16]: 'Preboot'
2:202  0:013          AddLoaderEntry for Volume Name=Preboot
2:202  0:000      Not match custom entry 3: Volume: not match, VolumeType: match, Type: not match
2:212  0:009      Check if volume Is Hibernated:
2:212  0:000      Check sleep image 'by signature':
2:213  0:001      using default sleep image name = \private\var\vm\sleepimage
2:214  0:000      sleepimage not found -> Not Found
2:214  0:000      hibernated: no - sign
2:215  0:001  not png, try icns
2:223  0:008  not png, try icns
2:224  0:001  not png, try icns
2:225  0:001  not png, try icns
2:226  0:001  not png, try icns
2:228  0:001  not png, try icns
2:229  0:001  not png, try icns
2:230  0:001  not png, try icns
2:231  0:001  not png, try icns
2:232  0:001  not png, try icns
2:233  0:001  not png, try icns
2:234  0:001  not png, try icns
2:236  0:001  not png, try icns
2:237  0:001  not png, try icns
2:238  0:001  not png, try icns
2:239  0:001  - [17]: 'high'
2:280  0:041          AddLoaderEntry for Volume Name=high
2:280  0:000      Not match custom entry 3: Volume: not match, VolumeType: match, Type: not match
2:303  0:022      Check if volume Is Hibernated:
2:303  0:000      Check sleep image 'by signature':
2:334  0:031      using default sleep image name = \private\var\vm\sleepimage
2:354  0:019      sleepimage not found -> Not Found
2:354  0:000      hibernated: no - sign
2:355  0:001  not png, try icns
2:363  0:007  not png, try icns
2:365  0:001  not png, try icns
2:366  0:001  not png, try icns
2:368  0:001  not png, try icns
2:370  0:001  not png, try icns
2:372  0:001  not png, try icns
2:374  0:001  not png, try icns
2:375  0:001  not png, try icns
2:377  0:002  not png, try icns
2:379  0:001  not png, try icns
2:381  0:001  not png, try icns
2:383  0:001  not png, try icns
2:385  0:001  not png, try icns
2:387  0:001  not png, try icns
2:389  0:002  - [18]: 'Recovery'
2:416  0:026  not png, try icns
2:417  0:001  not png, try icns
2:418  0:001  not png, try icns
2:419  0:001  not png, try icns
2:420  0:001  not png, try icns
2:421  0:001  not png, try icns
2:422  0:001  not png, try icns
2:424  0:001  not png, try icns
2:425  0:001  not png, try icns
2:426  0:001  not png, try icns
2:427  0:001  not png, try icns
2:428  0:001  not png, try icns
2:429  0:001  not png, try icns
2:430  0:001  not png, try icns
2:432  0:001  - [19]: 'VM'
2:432  0:000  not png, try icns
2:433  0:000  not png, try icns
2:433  0:000  not png, try icns
2:434  0:000  not png, try icns
2:435  0:000  not png, try icns
2:435  0:000  not png, try icns
2:436  0:000  not png, try icns
2:437  0:000  not png, try icns
2:437  0:000  not png, try icns
2:438  0:000  not png, try icns
2:438  0:000  not png, try icns
2:439  0:000  not png, try icns
2:440  0:000  not png, try icns
2:440  0:000  not png, try icns
2:440  0:000  === [ AddCustomTool ] =====================================
2:448  0:007  found tool \EFI\CLOVER\tools\Shell64U.efi
2:448  0:000  Checking EFI partition Volume 6 for Clover
2:448  0:000   Found Clover
2:466  0:017  === [ GetEfiBootDeviceFromNvram ] =========================
2:466  0:000   - found entry 1. 'Windows', Volume 'EFI', DevicePath 'PciRoot(0x0)\Pci(0x1F,0x2)\Sata(0x0,0xFFFF,0x0)\HD(1,GPT,FDD3DA06-1135-4093-87CD-15D134B0BA3A,0x800,0x320000)\EFI\Microsoft\Boot\bootmgfw.efii'
2:466  0:000  DefaultIndex=1 and MainMenu.EntryCount=14
3:362  0:896  GUI ready
